DSFinder has run for 0 min. 4 sec.
SUMMARY
=======

args: [--classpath=/home/albiz/dev/soot//soot-2.3.0/lib/sootclasses-2.3.0.jar:/home/albiz/dev/soot//jasmin-2.3.0/classes:/home/albiz/dev/soot//soot-2.3.0/lib/polyglotclasses.jar:/usr/share/javacup/lib/javacup.jar:/home/albiz/.gentoo/java-config-2/current-user-vm/jre/lib/rt.jar:/home/albiz/.gentoo/java-config-2/current-user-vm/jre/lib/jce.jar:/usr/share/junit/lib/junit.jar:/home/albiz/.gentoo/java-config-2/current-user-vm/jre/lib/jsse.jar:/home/albiz/.gentoo/java-config-2/current-user-vm/lib/tools.jar:/opt/sun-jdk-1.4.2.19/lib/tools.jar:/home/albiz/dev/ds-finder/classes/:/home/albiz/dev/aglets/lib/classes:/usr/share/asm-3/lib/asm.jar:/usr/share/asm-3/lib/asm-commons.jar:/usr/share/asm-3/lib/asm-tree.jar:/home/albiz/dev/ds-finder/lib/jargs.jar:/home/albiz/dev/soot/aspectjBenchmarkSuite/lib/aspectjrt-1.2.0.jar:/home/albiz/dev/soot/aspectjBenchmarkSuite/lib/aspectjtools-1.2.0.jar, -p, --include=com/ibm/, --title=/home/albiz/dev/sootOutput/logs/aglets.ds-finder.log, com.ibm.maf.rmi.MAFFinderViewer]
Processed 413 non-library classes (5475 with libraries.)

COUNTS OF IMPLEMENTATIONS
=========================

Linked lists						3
Parents/outers						0
Others (3 java.lang.Object, 5 non-Object fields)	8
 exact matching fields					0

Distinct classes containing linked lists and parents:	3

N-cycles						6

Arrays							18
	 read-only:					15
	 w/arraycopy:					1
	 hashtable-like:				0
	 (error bars:) [3]				4

DECLARED SYSTEM COLLECTION FIELDS, BY IMPLEMENTING CLASS
========================================================
java.util.Hashtable					26
java.util.Vector					24
java.util.Properties					8
java.util.Stack						1
Others							0


DECLARED AD-HOC COLLECTION FIELDS, BY IMPLEMENTING CLASS
========================================================
com.ibm.aglets.MessageImpl				6
com.ibm.aglets.tahiti.CacheManager$LinkedList$ListElem	3
com.ibm.aglets.DeactivationInfo				2
Others							0


INSTANTIATED SYSTEM COLLECTIONS (counts of `new' statements)
============================================================
java.util.Vector					132
java.util.Hashtable					100
java.util.Properties					30
java.util.Stack						4
com.ibm.aglets.ListenerList				2
Others							2


INSTANTIATED AD-HOC COLLECTIONS
===============================
com.ibm.aglets.MessageImpl				5
com.ibm.aglets.DeactivationInfo				4
com.ibm.aglets.tahiti.CacheManager$LinkedList$ListElem	3
Others							0


DECLARED COLLECTION PARAMETER TYPES [1]
=======================================
Collections are not data structures [2]			0
Collections are potential data structures		41


java.lang.String					0
java.lang.Object					0
Ad-Hoc types:
=============
Others							0

System types:
==============
Others							0

TEMPLATE PARAMETERS					0
UNKNOWN							59

[1] sums to more than count of non-array collections: consider HashMap<A,B>.
[2] e.g. class Foo { List<String> NotDataStructure; }
[3] number of counted arrays in classes with multiple arrays.

