DSFinder has run for 0 min. 6 sec.
SUMMARY
=======

args: [--classpath=/home/albiz/dev/soot//soot-2.3.0/lib/sootclasses-2.3.0.jar:/home/albiz/dev/soot//jasmin-2.3.0/classes:/home/albiz/dev/soot//soot-2.3.0/lib/polyglotclasses.jar:/usr/share/javacup/lib/javacup.jar:/home/albiz/.gentoo/java-config-2/current-user-vm/jre/lib/rt.jar:/home/albiz/.gentoo/java-config-2/current-user-vm/jre/lib/jce.jar:/usr/share/junit/lib/junit.jar:/home/albiz/.gentoo/java-config-2/current-user-vm/jre/lib/jsse.jar:/home/albiz/.gentoo/java-config-2/current-user-vm/lib/tools.jar:/opt/sun-jdk-1.4.2.19/lib/tools.jar:/home/albiz/dev/ds-finder/classes/:/home/albiz/dev/aoi/AoIsrc272/ArtOfIllusion//build/:/usr/share/asm-3/lib/asm.jar:/usr/share/asm-3/lib/asm-commons.jar:/usr/share/asm-3/lib/asm-tree.jar:/home/albiz/dev/ds-finder/lib/jargs.jar:/home/albiz/dev/aoi/AoIsrc272/ArtOfIllusion//../lib/Jama-1.0.2.jar:/home/albiz/dev/aoi/AoIsrc272/ArtOfIllusion//../lib/:/home/albiz/dev/aoi/AoIsrc272/ArtOfIllusion//../lib/jmf.jar, -p, --include=artofillusion/, --title=/home/albiz/dev/sootOutput/logs/aoi.ds-finder.log, artofillusion.ModellingApp]
Processed 680 non-library classes (6268 with libraries.)

COUNTS OF IMPLEMENTATIONS
=========================

Linked lists						5
Parents/outers						5
Others (8 java.lang.Object, 19 non-Object fields)	27
 exact matching fields					0

Distinct classes containing linked lists and parents:	10

N-cycles						25

Arrays							109
	 read-only:					14
	 w/arraycopy:					20
	 hashtable-like:				36
	 (error bars:) [3]				37

DECLARED SYSTEM COLLECTION FIELDS, BY IMPLEMENTING CLASS
========================================================
java.util.Vector					30
java.util.LinkedList					2
java.util.Map						2
java.util.Hashtable					2
java.util.ArrayList					1
Others							3


DECLARED AD-HOC COLLECTION FIELDS, BY IMPLEMENTING CLASS
========================================================
artofillusion.object.ObjectInfo				49
artofillusion.animation.WeightTrack			14
artofillusion.util.IconGenerator$Instruction		3
artofillusion.animation.Joint				3
artofillusion.TriMeshSimplifier$Zone			2
Others							6


INSTANTIATED SYSTEM COLLECTIONS (counts of `new' statements)
============================================================
java.util.Vector					268
java.util.ArrayList					116
java.util.HashMap					48
java.util.Hashtable					26
java.util.HashSet					16
Others							20


INSTANTIATED AD-HOC COLLECTIONS
===============================
artofillusion.object.ObjectInfo				35
artofillusion.animation.WeightTrack			14
artofillusion.procedural.ProcedureEditor		8
artofillusion.animation.Joint				4
artofillusion.animation.FilterParameterTrack		3
Others							7


DECLARED COLLECTION PARAMETER TYPES [1]
=======================================
Collections are not data structures [2]			49
Collections are potential data structures		27

 total artofillusion.*					33

java.lang.String					10
java.lang.Object					1
Ad-Hoc types:
=============
artofillusion.object.ObjectInfo				7
artofillusion.ui.TreeElement				4
artofillusion.animation.Marker				2
artofillusion.TextureParameter				2
artofillusion.ListChangeListener			2
Others							16

System types:
==============
java.lang.String					10
java.lang.Integer					5
java.lang.Double					3
java.lang.Object					1
java.awt.Image						1
Others							6

TEMPLATE PARAMETERS					0
UNKNOWN							37

[1] sums to more than count of non-array collections: consider HashMap<A,B>.
[2] e.g. class Foo { List<String> NotDataStructure; }
[3] number of counted arrays in classes with multiple arrays.

