DSFinder has run for 0 min. 10 sec.
SUMMARY
=======

args: [--classpath=/home/albiz/dev/soot//soot-2.3.0/lib/sootclasses-2.3.0.jar:/home/albiz/dev/soot//jasmin-2.3.0/classes:/home/albiz/dev/soot//soot-2.3.0/lib/polyglotclasses.jar:/usr/share/javacup/lib/javacup.jar:/home/albiz/.gentoo/java-config-2/current-user-vm/jre/lib/rt.jar:/home/albiz/.gentoo/java-config-2/current-user-vm/jre/lib/jce.jar:/usr/share/junit/lib/junit.jar:/home/albiz/.gentoo/java-config-2/current-user-vm/jre/lib/jsse.jar:/home/albiz/.gentoo/java-config-2/current-user-vm/lib/tools.jar:/opt/sun-jdk-1.4.2.19/lib/tools.jar:/home/albiz/dev/ds-finder/classes/:/home/albiz/dev/AUML/argouml-0.28/:/usr/share/asm-3/lib/asm.jar:/usr/share/asm-3/lib/asm-commons.jar:/usr/share/asm-3/lib/asm-tree.jar:/home/albiz/dev/ds-finder/lib/jargs.jar:/home/albiz/dev/AUML/argouml-0.28/antlr-2.7.7.jar:/home/albiz/dev/AUML/argouml-0.28/argouml-mdr.jar:/home/albiz/dev/AUML/argouml-0.28/argouml-model.jar:/home/albiz/dev/AUML/argouml-0.28/commons-logging-1.0.2.jar:/home/albiz/dev/AUML/argouml-0.28/gef-0.13.jar:/home/albiz/dev/AUML/argouml-0.28/java-interfaces.jar:/home/albiz/dev/AUML/argouml-0.28/jmi.jar:/home/albiz/dev/AUML/argouml-0.28/jmiutils.jar:/home/albiz/dev/AUML/argouml-0.28/log4j-1.2.6.jar:/home/albiz/dev/AUML/argouml-0.28/mdrapi.jar:/home/albiz/dev/AUML/argouml-0.28/mof.jar:/home/albiz/dev/AUML/argouml-0.28/nbmdr.jar:/home/albiz/dev/AUML/argouml-0.28/ocl-argo-1.1.jar:/home/albiz/dev/AUML/argouml-0.28/openide-util.jar:/home/albiz/dev/AUML/argouml-0.28/swidgets-0.1.4.jar:/home/albiz/dev/AUML/argouml-0.28/toolbar-1.4.1-20071227.jar, -p, --include=org/argouml/, --title=/home/albiz/dev/sootOutput/logs/argoUML.ds-finder.log, org.argouml.application.Main]
Processed 2068 non-library classes (8770 with libraries.)

COUNTS OF IMPLEMENTATIONS
=========================

Linked lists						2
Parents/outers						10
Others (103 java.lang.Object, 10 non-Object fields)	113
 exact matching fields					0

Distinct classes containing linked lists and parents:	12

N-cycles						18

Arrays							21
	 read-only:					5
	 w/arraycopy:					1
	 hashtable-like:				1
	 (error bars:) [3]				2

DECLARED SYSTEM COLLECTION FIELDS, BY IMPLEMENTING CLASS
========================================================
java.util.List						35
java.util.Collection					12
java.util.Map						9
java.util.Set						7
java.util.HashMap					6
Others							15


DECLARED AD-HOC COLLECTION FIELDS, BY IMPLEMENTING CLASS
========================================================
org.argouml.notation.NotationSettings			15
org.argouml.uml.diagram.DiagramSettings			14
org.argouml.uml.diagram.activity.ui.FigPartition	3
org.argouml.util.TokenSep				2
Others							0


INSTANTIATED SYSTEM COLLECTIONS (counts of `new' statements)
============================================================
java.util.ArrayList					1312
java.util.HashSet					528
java.util.HashMap					112
org.argouml.cognitive.ListSet				94
java.util.Hashtable					36
Others							153


INSTANTIATED AD-HOC COLLECTIONS
===============================
org.argouml.notation.NotationSettings			5
org.argouml.uml.diagram.DiagramSettings			2
org.argouml.uml.diagram.activity.ui.FigPartition	2
...ml.uml.diagram.use_case.ui.FigActor$ActorPortFigRect	1
org.argouml.ui.explorer.rules.InheritanceNode		1
Others							7


DECLARED COLLECTION PARAMETER TYPES [1]
=======================================
Collections are not data structures [2]			121
Collections are potential data structures		64

 total org.argouml.*					76

java.lang.String					52
java.lang.Object					24
Ad-Hoc types:
=============
org.argouml.cognitive.Critic				5
...uml.diagram.static_structure.layout.ClassdiagramNode	5
org.argouml.cognitive.ToDoItem				5
org.argouml.profile.Profile				4
org.argouml.model.mdr.XmiReference			3
Others							54

System types:
==============
java.lang.String					52
java.lang.Object					24
java.lang.Class						6
javax.swing.JSlider					4
java.lang.Long						3
Others							38

TEMPLATE PARAMETERS					4
UNKNOWN							48

[1] sums to more than count of non-array collections: consider HashMap<A,B>.
[2] e.g. class Foo { List<String> NotDataStructure; }
[3] number of counted arrays in classes with multiple arrays.

