DSFinder has run for 0 min. 2 sec.
SUMMARY
=======

args: [--classpath=/home/albiz/dev/soot//soot-2.3.0/lib/sootclasses-2.3.0.jar:/home/albiz/dev/soot//jasmin-2.3.0/classes:/home/albiz/dev/soot//soot-2.3.0/lib/polyglotclasses.jar:/usr/share/javacup/lib/javacup.jar:/home/albiz/.gentoo/java-config-2/current-user-vm/jre/lib/rt.jar:/home/albiz/.gentoo/java-config-2/current-user-vm/jre/lib/jce.jar:/usr/share/junit/lib/junit.jar:/home/albiz/.gentoo/java-config-2/current-user-vm/jre/lib/jsse.jar:/home/albiz/.gentoo/java-config-2/current-user-vm/lib/tools.jar:/opt/sun-jdk-1.4.2.19/lib/tools.jar:/home/albiz/dev/ds-finder/classes/:/home/albiz/dev/asm-3.2/output/classes:/usr/share/asm-3/lib/asm.jar:/usr/share/asm-3/lib/asm-commons.jar:/usr/share/asm-3/lib/asm-tree.jar:/home/albiz/dev/ds-finder/lib/jargs.jar:/home/albiz/dev/AUML/argouml-0.28/antlr-2.7.7.jar:/home/albiz/dev/AUML/argouml-0.28/argouml-mdr.jar:/home/albiz/dev/AUML/argouml-0.28/argouml-model.jar:/home/albiz/dev/AUML/argouml-0.28/commons-logging-1.0.2.jar:/home/albiz/dev/AUML/argouml-0.28/gef-0.13.jar:/home/albiz/dev/AUML/argouml-0.28/java-interfaces.jar:/home/albiz/dev/AUML/argouml-0.28/jmi.jar:/home/albiz/dev/AUML/argouml-0.28/jmiutils.jar:/home/albiz/dev/AUML/argouml-0.28/log4j-1.2.6.jar:/home/albiz/dev/AUML/argouml-0.28/mdrapi.jar:/home/albiz/dev/AUML/argouml-0.28/mof.jar:/home/albiz/dev/AUML/argouml-0.28/nbmdr.jar:/home/albiz/dev/AUML/argouml-0.28/ocl-argo-1.1.jar:/home/albiz/dev/AUML/argouml-0.28/openide-util.jar:/home/albiz/dev/AUML/argouml-0.28/swidgets-0.1.4.jar:/home/albiz/dev/AUML/argouml-0.28/toolbar-1.4.1-20071227.jar, -p, --include=org/objectweb/, --title=/home/albiz/dev/sootOutput/logs/asm.ds-finder.log, org.objectweb.asm.xml.Processor]
Processed 176 non-library classes (2277 with libraries.)

COUNTS OF IMPLEMENTATIONS
=========================

Linked lists						2
Parents/outers						0
Others (5 java.lang.Object, 11 non-Object fields)	16
 exact matching fields					10

Distinct classes containing linked lists and parents:	2

N-cycles						8

Arrays							10
	 read-only:					1
	 w/arraycopy:					7
	 hashtable-like:				5
	 (error bars:) [3]				4

DECLARED SYSTEM COLLECTION FIELDS, BY IMPLEMENTING CLASS
========================================================
java.util.List						27
java.util.Map						12
org.objectweb.asm.optimizer.ConstantPool		4
java.util.Set						3
java.util.Collection					3
Others							1


DECLARED AD-HOC COLLECTION FIELDS, BY IMPLEMENTING CLASS
========================================================
org.objectweb.asm.tree.AbstractInsnNode			6
...bjectweb.asm.commons.JSRInlinerAdapter$Instantiation	1
Others							0


INSTANTIATED SYSTEM COLLECTIONS (counts of `new' statements)
============================================================
java.util.ArrayList					110
java.util.HashMap					42
java.util.HashSet					10
org.objectweb.asm.tree.analysis.SmallSet		8
java.util.LinkedList					2
Others							10


INSTANTIATED AD-HOC COLLECTIONS
===============================
...bjectweb.asm.commons.JSRInlinerAdapter$Instantiation	2
Others							0


DECLARED COLLECTION PARAMETER TYPES [1]
=======================================
Collections are not data structures [2]			0
Collections are potential data structures		31


java.lang.String					0
java.lang.Object					0
Ad-Hoc types:
=============
Others							0

System types:
==============
Others							0

TEMPLATE PARAMETERS					0
UNKNOWN							50

[1] sums to more than count of non-array collections: consider HashMap<A,B>.
[2] e.g. class Foo { List<String> NotDataStructure; }
[3] number of counted arrays in classes with multiple arrays.

