DSFinder has run for 0 min. 3 sec.
SUMMARY
=======

args: [--classpath=/home/albiz/dev/soot//soot-2.3.0/lib/sootclasses-2.3.0.jar:/home/albiz/dev/soot//jasmin-2.3.0/classes:/home/albiz/dev/soot//soot-2.3.0/lib/polyglotclasses.jar:/usr/share/javacup/lib/javacup.jar:/home/albiz/.gentoo/java-config-2/current-user-vm/jre/lib/rt.jar:/home/albiz/.gentoo/java-config-2/current-user-vm/jre/lib/jce.jar:/usr/share/junit/lib/junit.jar:/home/albiz/.gentoo/java-config-2/current-user-vm/jre/lib/jsse.jar:/home/albiz/.gentoo/java-config-2/current-user-vm/lib/tools.jar:/opt/sun-jdk-1.4.2.19/lib/tools.jar:/home/albiz/dev/ds-finder/classes/:/home/albiz/dev/axion/axion/bin/classes:/usr/share/asm-3/lib/asm.jar:/usr/share/asm-3/lib/asm-commons.jar:/usr/share/asm-3/lib/asm-tree.jar:/home/albiz/dev/ds-finder/lib/jargs.jar:/home/albiz/dev/axion/axion/lib/commons-codec.jar:/home/albiz/dev/axion/axion/lib/commons-collections.jar:/home/albiz/dev/axion/axion/lib/commons-primitives.jar:/home/albiz/dev/axion/axion/lib/commons-logging.jar:/home/albiz/dev/axion/axion/lib/javacc/jar, -p, --include=org/axiondb/, --title=/home/albiz/dev/sootOutput/logs/axion.ds-finder.log, org.axiondb.tools.Defrag]
Processed 448 non-library classes (2620 with libraries.)

COUNTS OF IMPLEMENTATIONS
=========================

Linked lists						3
Parents/outers						0
Others (3 java.lang.Object, 5 non-Object fields)	8
 exact matching fields					4

Distinct classes containing linked lists and parents:	2

N-cycles						14

Arrays							12
	 read-only:					8
	 w/arraycopy:					1
	 hashtable-like:				3
	 (error bars:) [3]				3

DECLARED SYSTEM COLLECTION FIELDS, BY IMPLEMENTING CLASS
========================================================
java.util.List						63
java.util.Map						18
java.util.Set						12
java.util.ArrayList					6
java.util.Properties					4
Others							0


DECLARED AD-HOC COLLECTION FIELDS, BY IMPLEMENTING CLASS
========================================================
org.axiondb.parser.Token				9
org.axiondb.engine.rowcollection.IntHashMap$Entry	7
Others							0


INSTANTIATED SYSTEM COLLECTIONS (counts of `new' statements)
============================================================
java.util.ArrayList					306
java.util.HashSet					78
java.util.HashMap					68
java.util.Properties					18
java.util.LinkedHashSet					18
Others							2


INSTANTIATED AD-HOC COLLECTIONS
===============================
org.axiondb.parser.Token				13
org.axiondb.engine.rowcollection.IntHashMap$Entry	1
Others							0


DECLARED COLLECTION PARAMETER TYPES [1]
=======================================
Collections are not data structures [2]			10
Collections are potential data structures		51

 total org.axiondb.*					8

java.lang.String					10
java.lang.Object					0
Ad-Hoc types:
=============
org.axiondb.FunctionFactory				1
org.axiondb.IndexFactory				1
org.axiondb.event.DatabaseModificationListener		1
org.axiondb.DatabaseLink				1
org.axiondb.DataType					1
Others							3

System types:
==============
java.lang.String					10
Others							0

TEMPLATE PARAMETERS					0
UNKNOWN							103

[1] sums to more than count of non-array collections: consider HashMap<A,B>.
[2] e.g. class Foo { List<String> NotDataStructure; }
[3] number of counted arrays in classes with multiple arrays.

