DSFinder has run for 0 min. 16 sec.
SUMMARY
=======

args: [--classpath=/home/albiz/dev/soot//soot-2.3.0/lib/sootclasses-2.3.0.jar:/home/albiz/dev/soot//jasmin-2.3.0/classes:/home/albiz/dev/soot//soot-2.3.0/lib/polyglotclasses.jar:/usr/share/javacup/lib/javacup.jar:/home/albiz/.gentoo/java-config-2/current-user-vm/jre/lib/rt.jar:/home/albiz/.gentoo/java-config-2/current-user-vm/jre/lib/jce.jar:/usr/share/junit/lib/junit.jar:/home/albiz/.gentoo/java-config-2/current-user-vm/jre/lib/jsse.jar:/home/albiz/.gentoo/java-config-2/current-user-vm/lib/tools.jar:/opt/sun-jdk-1.4.2.19/lib/tools.jar:/home/albiz/dev/ds-finder/classes/:/home/albiz/dev/workspace/azureus2/classes:/usr/share/asm-3/lib/asm.jar:/usr/share/asm-3/lib/asm-commons.jar:/usr/share/asm-3/lib/asm-tree.jar:/home/albiz/dev/ds-finder/lib/jargs.jar:/home/albiz/dev/workspace/azureus2/build/libs/apple-extensions.jar:/home/albiz/dev/workspace/azureus2/build/libs/commons-cli.jar:/home/albiz/dev/workspace/azureus2/build/libs/junit.jar:/home/albiz/dev/workspace/azureus2/build/libs/log4j.jar:/home/albiz/dev/workspace/azureus2/build/libs/swt-win32.jar:/home/albiz/dev/workspace/azureus2/build/libs/swt-xosx.jar, -p, --include=org/bouncycastle/:org/gudy/:com/aelitis/, --title=/home/albiz/dev/sootOutput/logs/azureus.ds-finder.log, org.gudy.azureus2.ui.swt.Main]
Processed 5651 non-library classes (11410 with libraries.)

COUNTS OF IMPLEMENTATIONS
=========================

Linked lists						3
Parents/outers						6
Others (29 java.lang.Object, 23 non-Object fields)	52
 exact matching fields					4

Distinct classes containing linked lists and parents:	9

N-cycles						85

Arrays							280
	 read-only:					123
	 w/arraycopy:					41
	 hashtable-like:				42
	 (error bars:) [3]				64

DECLARED SYSTEM COLLECTION FIELDS, BY IMPLEMENTING CLASS
========================================================
java.util.List						242
java.util.Map						224
java.util.ArrayList					79
java.util.Set						33
java.util.HashMap					26
Others							94


DECLARED AD-HOC COLLECTION FIELDS, BY IMPLEMENTING CLASS
========================================================
....utils.resourcedownloader.ResourceDownloaderBaseImpl	9
com.aelitis.azureus.core.neuronal.NeuralNetworkLayer	5
...orkmanager.impl.MultiPeerDownloader2$connectionEntry	4
com.aelitis.azureus.core.util.http.HTTPAuthHelper	3
...udy.azureus2.pluginsimpl.local.ui.menus.MenuItemImpl	3
Others							3


INSTANTIATED SYSTEM COLLECTIONS (counts of `new' statements)
============================================================
java.util.ArrayList					2072
java.util.HashMap					1124
java.util.HashSet					250
java.util.Vector					130
java.util.LinkedList					118
Others							460


INSTANTIATED AD-HOC COLLECTIONS
===============================
com.aelitis.azureus.core.neuronal.NeuralNetworkLayer	3
com.aelitis.azureus.core.util.http.HTTPAuthHelper	2
org.gudy.azureus2.core3.util.ByteArrayHashMap$Entry	2
...udy.azureus2.pluginsimpl.local.ui.menus.MenuItemImpl	2
...orkmanager.impl.MultiPeerDownloader2$connectionEntry	1
Others							2


DECLARED COLLECTION PARAMETER TYPES [1]
=======================================
Collections are not data structures [2]			94
Collections are potential data structures		414

 total com.aelitis.*					35
 total org.gudy.*					41

java.lang.String					25
java.lang.Object					8
Ad-Hoc types:
=============
org.gudy.azureus2.plugins.download.Download		7
com.aelitis.azureus.plugins.net.buddy.BuddyPluginBuddy	5
...s2.core3.tracker.server.impl.TRTrackerServerPeerImpl	3
com.aelitis.azureus.core.peermanager.peerdb.PeerItem	3
...ntrol.impl.PeerControlSchedulerBasic$instanceWrapper	2
Others							56

System types:
==============
java.lang.String					25
java.lang.Object					8
java.lang.Long						5
java.lang.Integer					5
java.lang.Boolean					4
Others							15

TEMPLATE PARAMETERS					4
UNKNOWN							688

[1] sums to more than count of non-array collections: consider HashMap<A,B>.
[2] e.g. class Foo { List<String> NotDataStructure; }
[3] number of counted arrays in classes with multiple arrays.

