DSFinder has run for 0 min. 5 sec.
SUMMARY
=======

args: [--classpath=/home/albiz/dev/soot//soot-2.3.0/lib/sootclasses-2.3.0.jar:/home/albiz/dev/soot//jasmin-2.3.0/classes:/home/albiz/dev/soot//soot-2.3.0/lib/polyglotclasses.jar:/usr/share/javacup/lib/javacup.jar:/home/albiz/.gentoo/java-config-2/current-user-vm/jre/lib/rt.jar:/home/albiz/.gentoo/java-config-2/current-user-vm/jre/lib/jce.jar:/usr/share/junit/lib/junit.jar:/home/albiz/.gentoo/java-config-2/current-user-vm/jre/lib/jsse.jar:/home/albiz/.gentoo/java-config-2/current-user-vm/lib/tools.jar:/opt/sun-jdk-1.4.2.19/lib/tools.jar:/home/albiz/dev/ds-finder/classes/:/home/albiz/dev/bcel-5.2//target/classes:/usr/share/asm-3/lib/asm.jar:/usr/share/asm-3/lib/asm-commons.jar:/usr/share/asm-3/lib/asm-tree.jar:/home/albiz/dev/ds-finder/lib/jargs.jar:/home/albiz/dev/workspace/azureus2/build/libs/apple-extensions.jar:/home/albiz/dev/workspace/azureus2/build/libs/commons-cli.jar:/home/albiz/dev/workspace/azureus2/build/libs/junit.jar:/home/albiz/dev/workspace/azureus2/build/libs/log4j.jar:/home/albiz/dev/workspace/azureus2/build/libs/swt-win32.jar:/home/albiz/dev/workspace/azureus2/build/libs/swt-xosx.jar, -p, --include=org/apache/bcel/, --title=/home/albiz/dev/sootOutput/logs/bcel.ds-finder.log, org.apache.bcel.util.BCELifier]
Processed 382 non-library classes (5375 with libraries.)

COUNTS OF IMPLEMENTATIONS
=========================

Linked lists						1
Parents/outers						0
Others (0 java.lang.Object, 1 non-Object fields)	1
 exact matching fields					0

Distinct classes containing linked lists and parents:	1

N-cycles						4

Arrays							24
	 read-only:					6
	 w/arraycopy:					5
	 hashtable-like:				12
	 (error bars:) [3]				11

DECLARED SYSTEM COLLECTION FIELDS, BY IMPLEMENTING CLASS
========================================================
java.util.List						19
java.util.Map						14
java.util.Hashtable					7
java.util.Set						6
java.util.ArrayList					4
Others							5


DECLARED AD-HOC COLLECTION FIELDS, BY IMPLEMENTING CLASS
========================================================
org.apache.bcel.generic.InstructionHandle		18
Others							0


INSTANTIATED SYSTEM COLLECTIONS (counts of `new' statements)
============================================================
java.util.ArrayList					84
java.util.HashMap					54
java.util.HashSet					28
java.util.Hashtable					18
java.util.Stack						6
Others							12


INSTANTIATED AD-HOC COLLECTIONS
===============================
org.apache.bcel.generic.InstructionHandle		1
Others							0


DECLARED COLLECTION PARAMETER TYPES [1]
=======================================
Collections are not data structures [2]			0
Collections are potential data structures		30


java.lang.String					0
java.lang.Object					0
Ad-Hoc types:
=============
Others							0

System types:
==============
Others							0

TEMPLATE PARAMETERS					0
UNKNOWN							55

[1] sums to more than count of non-array collections: consider HashMap<A,B>.
[2] e.g. class Foo { List<String> NotDataStructure; }
[3] number of counted arrays in classes with multiple arrays.

