DSFinder has run for 0 min. 7 sec.
SUMMARY
=======

args: [--classpath=/home/albiz/dev/soot//soot-2.3.0/lib/sootclasses-2.3.0.jar:/home/albiz/dev/soot//jasmin-2.3.0/classes:/home/albiz/dev/soot//soot-2.3.0/lib/polyglotclasses.jar:/usr/share/javacup/lib/javacup.jar:/home/albiz/.gentoo/java-config-2/current-user-vm/jre/lib/rt.jar:/home/albiz/.gentoo/java-config-2/current-user-vm/jre/lib/jce.jar:/usr/share/junit/lib/junit.jar:/home/albiz/.gentoo/java-config-2/current-user-vm/jre/lib/jsse.jar:/home/albiz/.gentoo/java-config-2/current-user-vm/lib/tools.jar:/opt/sun-jdk-1.4.2.19/lib/tools.jar:/home/albiz/dev/ds-finder/classes/:/home/albiz/dev/columba/classes:/usr/share/asm-3/lib/asm.jar:/usr/share/asm-3/lib/asm-commons.jar:/usr/share/asm-3/lib/asm-tree.jar:/home/albiz/dev/ds-finder/lib/jargs.jar:/home/albiz/dev/columba/lib/bsh-2.0b2.jar:/home/albiz/dev/columba/lib/checkstyle-all-3.4.jar:/home/albiz/dev/columba/lib/commons-cli-1.0.jar:/home/albiz/dev/columba/lib/commons-logging.jar:/home/albiz/dev/columba/lib/core-renderer.jar:/home/albiz/dev/columba/lib/flexdock-0.4.1.jar:/home/albiz/dev/columba/lib/forms-1.0.5.jar:/home/albiz/dev/columba/lib/frapuccino-1.0pre1.jar:/home/albiz/dev/columba/lib/ical4j-0.9.18.jar:/home/albiz/dev/columba/lib/jarbundler-1.9.jar:/home/albiz/dev/columba/lib/jcoverage.jar:/home/albiz/dev/columba/lib/jdom-1.0.jar:/home/albiz/dev/columba/lib/je-2.1.30.jar:/home/albiz/dev/columba/lib/jhall-2.0_02.jar:/home/albiz/dev/columba/lib/jpim.jar:/home/albiz/dev/columba/lib/jreleaseinfo-1.2.0.jar:/home/albiz/dev/columba/lib/jscf-0.3.jar:/home/albiz/dev/columba/lib/junit.jar:/home/albiz/dev/columba/lib/jwizz-0.1.3.jar:/home/albiz/dev/columba/lib/jython-2.2a1.jar:/home/albiz/dev/columba/lib/looks-2.0.2.jar:/home/albiz/dev/columba/lib/lucene-1.4.3.jar:/home/albiz/dev/columba/lib/mac_mock.jar:/home/albiz/dev/columba/lib/macchiato-1.0pre1.jar:/home/albiz/dev/columba/lib/migcalendar-5.6.jar:/home/albiz/dev/columba/lib/quaqua.jar:/home/albiz/dev/columba/lib/ristretto-1.2-all.jar:/home/albiz/dev/columba/lib/swingx.jar:/home/albiz/dev/columba/lib/tagsoup-1.0rc3.jar:/home/albiz/dev/columba/lib/usermanual.jar:/home/albiz/dev/columba/native/linux/lib/jdic.jar:/home/albiz/dev/columba/lib/commons-lang.jar:/home/albiz/dev/columba/lib/skinlf.jar:/home/albiz/dev/columba/lib/asm.jar:/home/albiz/dev/columba/lib/xstream.jar:/home/albiz/dev/columba/lib/xercesImpl.jar:/home/albiz/dev/columba/lib/xpp3-1.1.3.4.C.jar:/home/albiz/dev/columba/lib/jpa/ejb3-persistence.jar:/home/albiz/dev/columba/native/win32/lib/jniwrap-2.4.jar, -p, --include=org/columba/, --title=/home/albiz/dev/sootOutput/logs/columba.ds-finder.log, org.columba.mail.spellcheck.cswilly.FileSpellChecker]
Processed 1850 non-library classes (9975 with libraries.)

COUNTS OF IMPLEMENTATIONS
=========================

Linked lists						0
Parents/outers						3
Others (24 java.lang.Object, 4 non-Object fields)	28
 exact matching fields					2

Distinct classes containing linked lists and parents:	3

N-cycles						27

Arrays							59
	 read-only:					26
	 w/arraycopy:					1
	 hashtable-like:				4
	 (error bars:) [3]				4

DECLARED SYSTEM COLLECTION FIELDS, BY IMPLEMENTING CLASS
========================================================
java.util.List						44
java.util.Hashtable					20
java.util.Vector					14
java.util.Map						13
java.util.ArrayList					3
Others							6


DECLARED AD-HOC COLLECTION FIELDS, BY IMPLEMENTING CLASS
========================================================
org.columba.core.xml.XmlElement				21
org.columba.ristretto.message.MimePart			3
Others							0


INSTANTIATED SYSTEM COLLECTIONS (counts of `new' statements)
============================================================
java.util.Vector					306
java.util.ArrayList					236
java.util.Hashtable					144
java.util.LinkedList					106
java.util.HashMap					34
Others							32


INSTANTIATED AD-HOC COLLECTIONS
===============================
org.columba.core.xml.XmlElement				64
org.columba.ristretto.message.MimePart			4
org.columba.core.print.CodeStringParser			1
Others							0


DECLARED COLLECTION PARAMETER TYPES [1]
=======================================
Collections are not data structures [2]			69
Collections are potential data structures		82

 total org.columba.*					62

java.lang.String					30
java.lang.Object					2
Ad-Hoc types:
=============
org.columba.core.search.api.ISearchResult		5
org.columba.addressbook.model.IContactModelPartial	5
org.columba.core.context.base.api.IName			4
org.columba.addressbook.facade.IHeaderItem		4
org.columba.core.scripting.ScriptLogger$LogEntry	2
Others							42

System types:
==============
java.lang.String					30
java.lang.Object					2
javax.swing.JMenuItem					2
java.io.File						2
org.flexdock.docking.Dockable				1
Others							7

TEMPLATE PARAMETERS					0
UNKNOWN							95

[1] sums to more than count of non-array collections: consider HashMap<A,B>.
[2] e.g. class Foo { List<String> NotDataStructure; }
[3] number of counted arrays in classes with multiple arrays.

