DSFinder has run for 0 min. 5 sec.
SUMMARY
=======

args: [--classpath=/home/albiz/dev/soot//soot-2.3.0/lib/sootclasses-2.3.0.jar:/home/albiz/dev/soot//jasmin-2.3.0/classes:/home/albiz/dev/soot//soot-2.3.0/lib/polyglotclasses.jar:/usr/share/javacup/lib/javacup.jar:/home/albiz/.gentoo/java-config-2/current-user-vm/jre/lib/rt.jar:/home/albiz/.gentoo/java-config-2/current-user-vm/jre/lib/jce.jar:/usr/share/junit/lib/junit.jar:/home/albiz/.gentoo/java-config-2/current-user-vm/jre/lib/jsse.jar:/home/albiz/.gentoo/java-config-2/current-user-vm/lib/tools.jar:/opt/sun-jdk-1.4.2.19/lib/tools.jar:/home/albiz/dev/ds-finder/classes/:/home/albiz/dev/commons-logging-1.1.1-src/target/classes:/usr/share/asm-3/lib/asm.jar:/usr/share/asm-3/lib/asm-commons.jar:/usr/share/asm-3/lib/asm-tree.jar:/home/albiz/dev/ds-finder/lib/jargs.jar:/home/albiz/dev/commons-logging-1.1.1-src/avalon-logkit-2.2.1.jar:/home/albiz/dev/commons-logging-1.1.1-src/log4j-1.2.15.jar:/home/albiz/dev/commons-logging-1.1.1-src/avalon-framework-impl-4.3.1.jar:/home/albiz/dev/commons-logging-1.1.1-src/avalon-framework-api-4.3.1.jar, -s, -p, --include=org/apache/commons/logging/, --title=/home/albiz/dev/sootOutput/logs/commons-logging.ds-finder.log, org.apache.commons.logging.Log]
Processed 28 non-library classes (5082 with libraries.)

COUNTS OF IMPLEMENTATIONS
=========================

Linked lists						0
Parents/outers						0
Others (0 java.lang.Object, 0 non-Object fields)	0
 exact matching fields					0

Distinct classes containing linked lists and parents:	0

N-cycles						0

Arrays							2
	 read-only:					0
	 w/arraycopy:					0
	 hashtable-like:				0
	 (error bars:) [3]				0

DECLARED SYSTEM COLLECTION FIELDS, BY IMPLEMENTING CLASS
========================================================
java.util.Hashtable					2
org.apache.commons.logging.impl.WeakHashtable		1
Others							0


DECLARED AD-HOC COLLECTION FIELDS, BY IMPLEMENTING CLASS
========================================================
Others							0


INSTANTIATED SYSTEM COLLECTIONS (counts of `new' statements)
============================================================
java.util.Hashtable					8
java.util.Properties					4
java.util.HashSet					4
java.util.Vector					2
Others							0


INSTANTIATED AD-HOC COLLECTIONS
===============================
Others							0


INSTANTIATED ARRAYS
===================
Others							0


DECLARED COLLECTION PARAMETER TYPES [1]
=======================================
Collections are not data structures [2]			0
Collections are potential data structures		2


java.lang.String					0
java.lang.Object					0
Ad-Hoc types:
=============
Others							0

System types:
==============
Others							0

TEMPLATE PARAMETERS					0
UNKNOWN							3

[1] sums to more than count of non-array collections: consider HashMap<A,B>.
[2] e.g. class Foo { List<String> NotDataStructure; }
[3] number of counted arrays in classes with multiple arrays.

