DSFinder has run for 0 min. 8 sec.
SUMMARY
=======

args: [--classpath=/home/albiz/dev/soot//soot-2.3.0/lib/sootclasses-2.3.0.jar:/home/albiz/dev/soot//jasmin-2.3.0/classes:/home/albiz/dev/soot//soot-2.3.0/lib/polyglotclasses.jar:/usr/share/javacup/lib/javacup.jar:/home/albiz/.gentoo/java-config-2/current-user-vm/jre/lib/rt.jar:/home/albiz/.gentoo/java-config-2/current-user-vm/jre/lib/jce.jar:/usr/share/junit/lib/junit.jar:/home/albiz/.gentoo/java-config-2/current-user-vm/jre/lib/jsse.jar:/home/albiz/.gentoo/java-config-2/current-user-vm/lib/tools.jar:/opt/sun-jdk-1.4.2.19/lib/tools.jar:/home/albiz/dev/ds-finder/classes/:/home/albiz/dev/commons-collections-3.2.1-src/build/classes:/usr/share/asm-3/lib/asm.jar:/usr/share/asm-3/lib/asm-commons.jar:/usr/share/asm-3/lib/asm-tree.jar:/home/albiz/dev/ds-finder/lib/jargs.jar:, -s, -p, --include=org/apache/commons/collections/, --title=/home/albiz/dev/sootOutput/logs/commons-collections.ds-finder.log, org.apache.commons.collections.bidimap.TreeBidiMap]
Processed 458 non-library classes (5446 with libraries.)

COUNTS OF IMPLEMENTATIONS
=========================

Linked lists						10
Parents/outers						0
Others (16 java.lang.Object, 12 non-Object fields)	28
 exact matching fields					8

Distinct classes containing linked lists and parents:	9

N-cycles						17

Arrays							30
	 read-only:					11
	 w/arraycopy:					3
	 hashtable-like:				18
	 (error bars:) [3]				18

DECLARED SYSTEM COLLECTION FIELDS, BY IMPLEMENTING CLASS
========================================================
java.util.Set						16
java.util.List						13
java.util.Map						11
java.util.Collection					10
...ache.commons.collections.bidimap.AbstractDualBidiMap	7
Others							131


DECLARED AD-HOC COLLECTION FIELDS, BY IMPLEMENTING CLASS
========================================================
...he.commons.collections.CursorableLinkedList$Listable	7
...che.commons.collections.list.AbstractLinkedList$Node	6
org.apache.commons.collections.SequencedHashMap$Entry	4
....commons.collections.map.AbstractHashedMap$HashEntry	3
org.apache.commons.collections.ReferenceMap$Entry	3
Others							2


INSTANTIATED SYSTEM COLLECTIONS (counts of `new' statements)
============================================================
java.util.ArrayList					130
java.util.HashMap					72
java.util.TreeMap					40
java.util.HashSet					16
....commons.collections.bidimap.DualTreeBidiMap$ViewMap	12
Others							430


INSTANTIATED AD-HOC COLLECTIONS
===============================
...he.commons.collections.CursorableLinkedList$Listable	6
org.apache.commons.collections.map.StaticBucketMap$Node	2
org.apache.commons.collections.SequencedHashMap$Entry	2
...che.commons.collections.list.AbstractLinkedList$Node	2
org.apache.commons.collections.StaticBucketMap$Node	2
Others							4


INSTANTIATED ARRAYS
===================
org.apache.commons.collections.DoubleOrderedMap$Node	1
org.apache.commons.collections.bidimap.TreeBidiMap$Node	1
Others							0


DECLARED COLLECTION PARAMETER TYPES [1]
=======================================
Collections are not data structures [2]			0
Collections are potential data structures		160


java.lang.String					0
java.lang.Object					0
Ad-Hoc types:
=============
Others							0

System types:
==============
Others							0

TEMPLATE PARAMETERS					0
UNKNOWN							188

[1] sums to more than count of non-array collections: consider HashMap<A,B>.
[2] e.g. class Foo { List<String> NotDataStructure; }
[3] number of counted arrays in classes with multiple arrays.

