DSFinder has run for 0 min. 2 sec.
SUMMARY
=======

args: [--classpath=/home/albiz/dev/soot//soot-2.3.0/lib/sootclasses-2.3.0.jar:/home/albiz/dev/soot//jasmin-2.3.0/classes:/home/albiz/dev/soot//soot-2.3.0/lib/polyglotclasses.jar:/usr/share/javacup/lib/javacup.jar:/home/albiz/.gentoo/java-config-2/current-user-vm/jre/lib/rt.jar:/home/albiz/.gentoo/java-config-2/current-user-vm/jre/lib/jce.jar:/usr/share/junit/lib/junit.jar:/home/albiz/.gentoo/java-config-2/current-user-vm/jre/lib/jsse.jar:/home/albiz/.gentoo/java-config-2/current-user-vm/lib/tools.jar:/opt/sun-jdk-1.4.2.19/lib/tools.jar:/home/albiz/dev/ds-finder/classes/:/home/albiz/dev/commons-lang-2.4-src/target/classes:/usr/share/asm-3/lib/asm.jar:/usr/share/asm-3/lib/asm-commons.jar:/usr/share/asm-3/lib/asm-tree.jar:/home/albiz/dev/ds-finder/lib/jargs.jar:, -s, -p, --include=org/apache/commons/lang/, --title=/home/albiz/dev/sootOutput/logs/commons-lang.ds-finder.log, org.apache.commons.lang.SystemUtils]
Processed 127 non-library classes (2233 with libraries.)

COUNTS OF IMPLEMENTATIONS
=========================

Linked lists						1
Parents/outers						0
Others (3 java.lang.Object, 2 non-Object fields)	5
 exact matching fields					0

Distinct classes containing linked lists and parents:	1

N-cycles						1

Arrays							7
	 read-only:					3
	 w/arraycopy:					1
	 hashtable-like:				2
	 (error bars:) [3]				0

DECLARED SYSTEM COLLECTION FIELDS, BY IMPLEMENTING CLASS
========================================================
java.util.Map						9
java.util.List						4
java.util.Set						1
Others							0


DECLARED AD-HOC COLLECTION FIELDS, BY IMPLEMENTING CLASS
========================================================
org.apache.commons.lang.IntHashMap$Entry		1
Others							0


INSTANTIATED SYSTEM COLLECTIONS (counts of `new' statements)
============================================================
java.util.ArrayList					62
java.util.HashMap					40
java.util.HashSet					10
java.util.WeakHashMap					8
java.util.TreeMap					4
Others							0


INSTANTIATED AD-HOC COLLECTIONS
===============================
org.apache.commons.lang.IntHashMap$Entry		1
Others							0


INSTANTIATED ARRAYS
===================
org.apache.commons.lang.ArrayUtils			40
org.apache.commons.lang.StringUtils			9
org.apache.commons.lang.text.StrBuilder			8
org.apache.commons.lang.Entities$ArrayEntityMap		3
org.apache.commons.lang.math.IntRange			1
Others							2


DECLARED COLLECTION PARAMETER TYPES [1]
=======================================
Collections are not data structures [2]			0
Collections are potential data structures		7


java.lang.String					0
java.lang.Object					0
Ad-Hoc types:
=============
Others							0

System types:
==============
Others							0

TEMPLATE PARAMETERS					0
UNKNOWN							14

[1] sums to more than count of non-array collections: consider HashMap<A,B>.
[2] e.g. class Foo { List<String> NotDataStructure; }
[3] number of counted arrays in classes with multiple arrays.

