DSFinder has run for 0 min. 4 sec.
SUMMARY
=======

args: [--classpath=/home/albiz/dev/soot//soot-2.3.0/lib/sootclasses-2.3.0.jar:/home/albiz/dev/soot//jasmin-2.3.0/classes:/home/albiz/dev/soot//soot-2.3.0/lib/polyglotclasses.jar:/usr/share/javacup/lib/javacup.jar:/home/albiz/.gentoo/java-config-2/current-user-vm/jre/lib/rt.jar:/home/albiz/.gentoo/java-config-2/current-user-vm/jre/lib/jce.jar:/usr/share/junit/lib/junit.jar:/home/albiz/.gentoo/java-config-2/current-user-vm/jre/lib/jsse.jar:/home/albiz/.gentoo/java-config-2/current-user-vm/lib/tools.jar:/opt/sun-jdk-1.4.2.19/lib/tools.jar:/home/albiz/dev/ds-finder/classes/:/home/albiz/dev/dom4j-1.6.1/build/classes:/usr/share/asm-3/lib/asm.jar:/usr/share/asm-3/lib/asm-commons.jar:/usr/share/asm-3/lib/asm-tree.jar:/home/albiz/dev/ds-finder/lib/jargs.jar:/home/albiz/dev/dom4j-1.6.1/lib/jaxen-1.1-beta-6.jar:/home/albiz/dev/dom4j-1.6.1/lib/jaxme-api-0.3.jar:/home/albiz/dev/dom4j-1.6.1/lib/jsr173_1.0_api.jar:/home/albiz/dev/dom4j-1.6.1/lib/msv-20030807.jar:/home/albiz/dev/dom4j-1.6.1/lib/pull-parser-2.1.10.jar:/home/albiz/dev/dom4j-1.6.1/lib/relaxngDatatype-20030807.jar:/home/albiz/dev/dom4j-1.6.1/lib/xpp3-1.1.3.3.jar:/home/albiz/dev/dom4j-1.6.1/lib/xsdlib-20030807.jar, -s, -p, --include=org/dom4j/, --title=/home/albiz/dev/sootOutput/logs/dom4j.ds-finder.log, org.dom4j.Branch]
Processed 190 non-library classes (5589 with libraries.)

COUNTS OF IMPLEMENTATIONS
=========================

Linked lists						2
Parents/outers						0
Others (7 java.lang.Object, 0 non-Object fields)	7
 exact matching fields					0

Distinct classes containing linked lists and parents:	2

N-cycles						4

Arrays							9
	 read-only:					4
	 w/arraycopy:					1
	 hashtable-like:				1
	 (error bars:) [3]				0

DECLARED SYSTEM COLLECTION FIELDS, BY IMPLEMENTING CLASS
========================================================
java.util.Map						25
java.util.List						16
org.dom4j.tree.ConcurrentReaderHashMap			6
java.util.ArrayList					5
java.util.HashMap					4
Others							7


DECLARED AD-HOC COLLECTION FIELDS, BY IMPLEMENTING CLASS
========================================================
org.dom4j.tree.ConcurrentReaderHashMap$Entry		3
Others							0


INSTANTIATED SYSTEM COLLECTIONS (counts of `new' statements)
============================================================
java.util.HashMap					66
java.util.ArrayList					58
java.util.Stack						12
java.util.HashSet					12
java.util.WeakHashMap					8
Others							30


INSTANTIATED AD-HOC COLLECTIONS
===============================
org.dom4j.tree.ConcurrentReaderHashMap$Entry		6
Others							0


INSTANTIATED ARRAYS
===================
Others							0


DECLARED COLLECTION PARAMETER TYPES [1]
=======================================
Collections are not data structures [2]			0
Collections are potential data structures		39


java.lang.String					0
java.lang.Object					0
Ad-Hoc types:
=============
Others							0

System types:
==============
Others							0

TEMPLATE PARAMETERS					0
UNKNOWN							63

[1] sums to more than count of non-array collections: consider HashMap<A,B>.
[2] e.g. class Foo { List<String> NotDataStructure; }
[3] number of counted arrays in classes with multiple arrays.

