DSFinder has run for 0 min. 3 sec.
SUMMARY
=======

args: [--classpath=/home/albiz/dev/soot//soot-2.3.0/lib/sootclasses-2.3.0.jar:/home/albiz/dev/soot//jasmin-2.3.0/classes:/home/albiz/dev/soot//soot-2.3.0/lib/polyglotclasses.jar:/usr/share/javacup/lib/javacup.jar:/home/albiz/.gentoo/java-config-2/current-user-vm/jre/lib/rt.jar:/home/albiz/.gentoo/java-config-2/current-user-vm/jre/lib/jce.jar:/usr/share/junit/lib/junit.jar:/home/albiz/.gentoo/java-config-2/current-user-vm/jre/lib/jsse.jar:/home/albiz/.gentoo/java-config-2/current-user-vm/lib/tools.jar:/opt/sun-jdk-1.4.2.19/lib/tools.jar:/home/albiz/dev/ds-finder/classes/:/home/albiz/dev/Fit/:/usr/share/asm-3/lib/asm.jar:/usr/share/asm-3/lib/asm-commons.jar:/usr/share/asm-3/lib/asm-tree.jar:/home/albiz/dev/ds-finder/lib/jargs.jar:/home/albiz/dev/drjava/drjava/lib/plt.jar:/home/albiz/dev/drjava/drjava/lib/dynamicjava-base.jar:/home/albiz/dev/drjava/drjava/lib/javalanglevels-base.jar:/home/albiz/dev/drjava/drjava/lib/platform.jar:/home/albiz/dev/drjava/drjava/lib/asm-3.1.jar:/home/albiz/dev/drjava/drjava/classes/lib:/home/albiz/dev/drjava/drjava/lib/buildlib/ant-contrib.jar:/home/albiz/dev/drjava/drjava/lib/buildlib/cenquatasks.jar:/home/albiz/dev/drjava/drjava/lib/buildlib/findbugs-ant.jar:/home/albiz/dev/drjava/drjava/lib/buildlib/junit.jar:/home/albiz/dev/drjava/drjava/lib/buildlib/plt-ant.jar:/home/albiz/dev/drjava/drjava/lib/looks-2.1.4.jar:/home/albiz/dev/drjava/drjava/lib/forms-1.0.7.jar:/home/albiz/dev/drjava/drjava/lib/docs.jar:/home/albiz/dev/drjava/drjava/lib/ant.jar:/home/albiz/dev/drjava/drjava/lib/ant-junit.jar:/home/albiz/dev/drjava/drjava/lib/ant-launcher.jar:/home/albiz/dev/drjava/drjava/lib/jdom.jar:/home/albiz/dev/drjava/drjava/lib/apple-extensions.jar, -p, --include=fit/, --title=/home/albiz/dev/sootOutput/logs/fit.ds-finder.log, fit.WikiRunner]
Processed 41 non-library classes (2127 with libraries.)

COUNTS OF IMPLEMENTATIONS
=========================

Linked lists						0
Parents/outers						0
Others (0 java.lang.Object, 3 non-Object fields)	3
 exact matching fields					2

Distinct classes containing linked lists and parents:	0

N-cycles						1

Arrays							4
	 read-only:					3
	 w/arraycopy:					0
	 hashtable-like:				0
	 (error bars:) [3]				0

DECLARED SYSTEM COLLECTION FIELDS, BY IMPLEMENTING CLASS
========================================================
java.util.List						2
java.util.Map						1
Others							0


DECLARED AD-HOC COLLECTION FIELDS, BY IMPLEMENTING CLASS
========================================================
Others							0


INSTANTIATED SYSTEM COLLECTIONS (counts of `new' statements)
============================================================
java.util.LinkedList					14
java.util.HashMap					6
java.util.ArrayList					2
java.util.TreeSet					2
java.util.HashSet					2
Others							0


INSTANTIATED AD-HOC COLLECTIONS
===============================
Others							0


DECLARED COLLECTION PARAMETER TYPES [1]
=======================================
Collections are not data structures [2]			0
Collections are potential data structures		2


java.lang.String					0
java.lang.Object					0
Ad-Hoc types:
=============
Others							0

System types:
==============
Others							0

TEMPLATE PARAMETERS					0
UNKNOWN							3

[1] sums to more than count of non-array collections: consider HashMap<A,B>.
[2] e.g. class Foo { List<String> NotDataStructure; }
[3] number of counted arrays in classes with multiple arrays.

