DSFinder has run for 0 min. 10 sec.
SUMMARY
=======

args: [--classpath=/home/albiz/dev/soot//soot-2.3.0/lib/sootclasses-2.3.0.jar:/home/albiz/dev/soot//jasmin-2.3.0/classes:/home/albiz/dev/soot//soot-2.3.0/lib/polyglotclasses.jar:/usr/share/javacup/lib/javacup.jar:/home/albiz/.gentoo/java-config-2/current-user-vm/jre/lib/rt.jar:/home/albiz/.gentoo/java-config-2/current-user-vm/jre/lib/jce.jar:/usr/share/junit/lib/junit.jar:/home/albiz/.gentoo/java-config-2/current-user-vm/jre/lib/jsse.jar:/home/albiz/.gentoo/java-config-2/current-user-vm/lib/tools.jar:/opt/sun-jdk-1.4.2.19/lib/tools.jar:/home/albiz/dev/ds-finder/classes/:/home/albiz/dev/FOP/fop-0.95/build/classes:/usr/share/asm-3/lib/asm.jar:/usr/share/asm-3/lib/asm-commons.jar:/usr/share/asm-3/lib/asm-tree.jar:/home/albiz/dev/ds-finder/lib/jargs.jar:/home/albiz/dev/FOP/fop-0.95/lib/avalon-framework-4.2.0.jar:/home/albiz/dev/FOP/fop-0.95/lib/batik-all-1.7.jar:/home/albiz/dev/FOP/fop-0.95/lib/commons-io-1.3.1.jar:/home/albiz/dev/FOP/fop-0.95/lib/commons-logging-1.0.4.jar:/home/albiz/dev/FOP/fop-0.95/lib/serializer-2.7.0.jar:/home/albiz/dev/FOP/fop-0.95/lib/servlet-2.2.jar:/home/albiz/dev/FOP/fop-0.95/lib/xalan-2.7.0.jar:/home/albiz/dev/FOP/fop-0.95/lib/xercesImpl-2.7.1.jar:/home/albiz/dev/FOP/fop-0.95/lib/xml-apis-1.3.04.jar:/home/albiz/dev/FOP/fop-0.95/lib/xml-apis-ext-1.3.04.jar:/home/albiz/dev/FOP/fop-0.95/lib/xmlgraphics-commons-1.3.1.jar:/home/albiz/dev/FOP/fop-0.95/lib/ant.jar, -p, --include=org/apache/fop/, --title=/home/albiz/dev/sootOutput/logs/fop.ds-finder.log, org.apache.fop.cli.Main]
Processed 1314 non-library classes (9146 with libraries.)

COUNTS OF IMPLEMENTATIONS
=========================

Linked lists						5
Parents/outers						7
Others (3 java.lang.Object, 30 non-Object fields)	33
 exact matching fields					2

Distinct classes containing linked lists and parents:	11

N-cycles						30

Arrays							30
	 read-only:					5
	 w/arraycopy:					5
	 hashtable-like:				4
	 (error bars:) [3]				2

DECLARED SYSTEM COLLECTION FIELDS, BY IMPLEMENTING CLASS
========================================================
java.util.List						134
java.util.Map						86
java.util.LinkedList					17
java.util.Set						16
java.util.ArrayList					12
Others							37


DECLARED AD-HOC COLLECTION FIELDS, BY IMPLEMENTING CLASS
========================================================
org.apache.fop.layoutmgr.inline.AlignmentContext	8
org.apache.fop.fo.FONode				7
org.apache.fop.pdf.PDFOutline				6
org.apache.fop.fo.PropertyList				6
org.apache.fop.layoutmgr.BreakingAlgorithm$KnuthNode	6
Others							12


INSTANTIATED SYSTEM COLLECTIONS (counts of `new' statements)
============================================================
java.util.HashMap					1062
java.util.ArrayList					402
java.util.LinkedList					180
java.util.HashSet					84
java.util.Stack						24
Others							70


INSTANTIATED AD-HOC COLLECTIONS
===============================
org.apache.fop.layoutmgr.inline.AlignmentContext	8
org.apache.fop.fo.properties.PropertyCache$CacheEntry	3
org.apache.fop.pdf.PDFOutline				2
org.apache.fop.layoutmgr.BreakingAlgorithm$KnuthNode	2
org.apache.fop.area.inline.InlineArea			2
Others							1


DECLARED COLLECTION PARAMETER TYPES [1]
=======================================
Collections are not data structures [2]			0
Collections are potential data structures		158


java.lang.String					0
java.lang.Object					0
Ad-Hoc types:
=============
Others							0

System types:
==============
Others							0

TEMPLATE PARAMETERS					0
UNKNOWN							302

[1] sums to more than count of non-array collections: consider HashMap<A,B>.
[2] e.g. class Foo { List<String> NotDataStructure; }
[3] number of counted arrays in classes with multiple arrays.

