DSFinder has run for 0 min. 7 sec.
SUMMARY
=======

args: [--classpath=/home/albiz/dev/soot//soot-2.3.0/lib/sootclasses-2.3.0.jar:/home/albiz/dev/soot//jasmin-2.3.0/classes:/home/albiz/dev/soot//soot-2.3.0/lib/polyglotclasses.jar:/usr/share/javacup/lib/javacup.jar:/home/albiz/.gentoo/java-config-2/current-user-vm/jre/lib/rt.jar:/home/albiz/.gentoo/java-config-2/current-user-vm/jre/lib/jce.jar:/usr/share/junit/lib/junit.jar:/home/albiz/.gentoo/java-config-2/current-user-vm/jre/lib/jsse.jar:/home/albiz/.gentoo/java-config-2/current-user-vm/lib/tools.jar:/opt/sun-jdk-1.4.2.19/lib/tools.jar:/home/albiz/dev/ds-finder/classes/:/home/albiz/dev/galleon/galleon/build:/usr/share/asm-3/lib/asm.jar:/usr/share/asm-3/lib/asm-commons.jar:/usr/share/asm-3/lib/asm-tree.jar:/home/albiz/dev/ds-finder/lib/jargs.jar:/home/albiz/dev/galleon/galleon/lib/asm-1.5.3.jar:/home/albiz/dev/galleon/galleon/lib/asm-attrs-1.5.3.jar:/home/albiz/dev/galleon/galleon/lib/asm-util-1.5.3.jar:/home/albiz/dev/galleon/galleon/lib/cglib-2.1_3.jar:/home/albiz/dev/galleon/galleon/lib/commons-beanutils-1.7.0.jar:/home/albiz/dev/galleon/galleon/lib/commons-betwixt-0.8.jar:/home/albiz/dev/galleon/galleon/lib/commons-codec-1.3.jar:/home/albiz/dev/galleon/galleon/lib/commons-collections-3.2.jar:/home/albiz/dev/galleon/galleon/lib/commons-dbcp-1.2.2.jar:/home/albiz/dev/galleon/galleon/lib/commons-digester-1.8.jar:/home/albiz/dev/galleon/galleon/lib/commons-discovery-0.4.jar:/home/albiz/dev/galleon/galleon/lib/commons-httpclient-3.0.1.jar:/home/albiz/dev/galleon/galleon/lib/commons-lang-2.3.jar:/home/albiz/dev/galleon/galleon/lib/commons-logging-1.1.jar:/home/albiz/dev/galleon/galleon/lib/commons-net-1.4.1.jar:/home/albiz/dev/galleon/galleon/lib/commons-pool-1.3.jar:/home/albiz/dev/galleon/galleon/lib/concurrent.jar:/home/albiz/dev/galleon/galleon/lib/derby-10.2.2.0.jar:/home/albiz/dev/galleon/galleon/lib/derbynet-10.2.2.0.jar:/home/albiz/dev/galleon/galleon/lib/derbytools-10.2.2.0.jar:/home/albiz/dev/galleon/galleon/lib/dom4j-1.4-dev-8.jar:/home/albiz/dev/galleon/galleon/lib/dom4j-1.6.1.jar:/home/albiz/dev/galleon/galleon/lib/ehcache-1.2.3.jar:/home/albiz/dev/galleon/galleon/lib/forms-1.1.0.jar:/home/albiz/dev/galleon/galleon/lib/freemarker.jar:/home/albiz/dev/galleon/galleon/lib/hdphotos-stub.jar:/home/albiz/dev/galleon/galleon/lib/hibernate-3.2.4sp1.jar:/home/albiz/dev/galleon/galleon/lib/hibernate-tools-3.2.0beta9.jar:/home/albiz/dev/galleon/galleon/lib/hme-1.4.jar:/home/albiz/dev/galleon/galleon/lib/hme-hd-0.4.1.jar:/home/albiz/dev/galleon/galleon/lib/hme-host-sample-1.4.jar:/home/albiz/dev/galleon/galleon/lib/htmlparser-1.6.jar:/home/albiz/dev/galleon/galleon/lib/informa-0.7.0.jar:/home/albiz/dev/galleon/galleon/lib/j2ee-1.4.jar:/home/albiz/dev/galleon/galleon/lib/jampal-1.14.jar:/home/albiz/dev/galleon/galleon/lib/javassist.jar:/home/albiz/dev/galleon/galleon/lib/jawin-1.0.19.jar:/home/albiz/dev/galleon/galleon/lib/jaxen.jar:/home/albiz/dev/galleon/galleon/lib/jaxme2.jar:/home/albiz/dev/galleon/galleon/lib/jaxmeapi.jar:/home/albiz/dev/galleon/galleon/lib/jaxmexs.jar:/home/albiz/dev/galleon/galleon/lib/jboss-aop-asintegration-core.jar:/home/albiz/dev/galleon/galleon/lib/jboss-aop-asintegration-jmx.jar:/home/albiz/dev/galleon/galleon/lib/jboss-aop-asintegration-mc.jar:/home/albiz/dev/galleon/galleon/lib/jboss-aop-jboss5.jar:/home/albiz/dev/galleon/galleon/lib/jboss-aop-mc-int.jar:/home/albiz/dev/galleon/galleon/lib/jboss-aop.jar:/home/albiz/dev/galleon/galleon/lib/jboss-bootstrap.jar:/home/albiz/dev/galleon/galleon/lib/jboss-cache-1.2.2.jar:/home/albiz/dev/galleon/galleon/lib/jboss-classloader.jar:/home/albiz/dev/galleon/galleon/lib/jboss-classloading-spi.jar:/home/albiz/dev/galleon/galleon/lib/jboss-classloading-vfs.jar:/home/albiz/dev/galleon/galleon/lib/jboss-classloading.jar:/home/albiz/dev/galleon/galleon/lib/jboss-common-core.jar:/home/albiz/dev/galleon/galleon/lib/jboss-dependency.jar:/home/albiz/dev/galleon/galleon/lib/jboss-deployers-client-spi.jar:/home/albiz/dev/galleon/galleon/lib/jboss-deployers-client.jar:/home/albiz/dev/galleon/galleon/lib/jboss-deployers-core-spi.jar:/home/albiz/dev/galleon/galleon/lib/jboss-deployers-core.jar:/home/albiz/dev/galleon/galleon/lib/jboss-deployers-impl.jar:/home/albiz/dev/galleon/galleon/lib/jboss-deployers-spi.jar:/home/albiz/dev/galleon/galleon/lib/jboss-deployers-structure-spi.jar:/home/albiz/dev/galleon/galleon/lib/jboss-deployers-vfs-spi.jar:/home/albiz/dev/galleon/galleon/lib/jboss-deployers-vfs.jar:/home/albiz/dev/galleon/galleon/lib/jboss-j2se.jar:/home/albiz/dev/galleon/galleon/lib/jboss-jmx.jar:/home/albiz/dev/galleon/galleon/lib/jboss-kernel.jar:/home/albiz/dev/galleon/galleon/lib/jboss-logging-jdk.jar:/home/albiz/dev/galleon/galleon/lib/jboss-logging-log4j.jar:/home/albiz/dev/galleon/galleon/lib/jboss-logging-spi.jar:/home/albiz/dev/galleon/galleon/lib/jboss-main.jar:/home/albiz/dev/galleon/galleon/lib/jboss-managed.jar:/home/albiz/dev/galleon/galleon/lib/jboss-mbeans.jar:/home/albiz/dev/galleon/galleon/lib/jboss-mdr.jar:/home/albiz/dev/galleon/galleon/lib/jboss-metatype.jar:/home/albiz/dev/galleon/galleon/lib/jboss-profileservice-spi.jar:/home/albiz/dev/galleon/galleon/lib/jboss-reflect.jar:/home/albiz/dev/galleon/galleon/lib/jboss-system-jmx.jar:/home/albiz/dev/galleon/galleon/lib/jboss-system.jar:/home/albiz/dev/galleon/galleon/lib/jboss-vfs.jar:/home/albiz/dev/galleon/galleon/lib/jboss-xml-binding.jar:/home/albiz/dev/galleon/galleon/lib/jd3lib-a4.jar:/home/albiz/dev/galleon/galleon/lib/jdai-0.4.jar:/home/albiz/dev/galleon/galleon/lib/jdbc2_0-stdext.jar:/home/albiz/dev/galleon/galleon/lib/jdom-1.0.jar:/home/albiz/dev/galleon/galleon/lib/jl1.0.jar:/home/albiz/dev/galleon/galleon/lib/jmdns-1.0.jar:/home/albiz/dev/galleon/galleon/lib/js-1.6R5.jar:/home/albiz/dev/galleon/galleon/lib/jshortcut-0.4.jar:/home/albiz/dev/galleon/galleon/lib/jta-1.1.jar:/home/albiz/dev/galleon/galleon/lib/log4j-1.2.14.jar:/home/albiz/dev/galleon/galleon/lib/looks-1.3.2.jar:/home/albiz/dev/galleon/galleon/lib/mail-1.4.jar:/home/albiz/dev/galleon/galleon/lib/mediamanager-videoman-0.8.jar:/home/albiz/dev/galleon/galleon/lib/mp3spi1.9.4.jar:/home/albiz/dev/galleon/galleon/lib/odmg.jar:/home/albiz/dev/galleon/galleon/lib/resolver.jar:/home/albiz/dev/galleon/galleon/lib/saxon-8.7.jar:/home/albiz/dev/galleon/galleon/lib/serializer.jar:/home/albiz/dev/galleon/galleon/lib/smack.jar:/home/albiz/dev/galleon/galleon/lib/smackx.jar:/home/albiz/dev/galleon/galleon/lib/tagsoup-1.1.3.jar:/home/albiz/dev/galleon/galleon/lib/tritonus_share.jar:/home/albiz/dev/galleon/galleon/lib/upcoming.jar:/home/albiz/dev/galleon/galleon/lib/wrapper-3.2.3.jar:/home/albiz/dev/galleon/galleon/lib/xalan.jar:/home/albiz/dev/galleon/galleon/lib/xbean-1.0.4.jar:/home/albiz/dev/galleon/galleon/lib/xercesImpl-2.9.0.jar:/home/albiz/dev/galleon/galleon/lib/xml-apis-2.9.0.jar:/home/albiz/dev/galleon/galleon/lib/xpp3.jar:/home/albiz/dev/galleon/galleon/lib/yahoo_search-2.0.1.jar:/home/albiz/dev/galleon/galleon/lib/proxool-0.8.3.jar:/home/albiz/dev/galleon/galleon/lib/jgroups-all-2.4.1.jar:/home/albiz/dev/galleon/galleon/lib/c3p0-0.9.1.jar::/home/albiz/dev/galleon/galleon/lib/jmxri-1.2.jar:/home/albiz/dev/galleon/galleon/lib/jboss-cache-jdk50.jar:/home/albiz/dev/galleon/galleon/lib/antlr-2.7.6.jar:/home/albiz/dev/galleon/galleon/lib/bananas-1.3-custom.jar:/home/albiz/dev/galleon/galleon/lib/browserlauncher.jar:/home/albiz/dev/galleon/galleon/lib/activation-1.1.jar:/home/albiz/dev/galleon/galleon/lib/axis-1.3.jar:/home/albiz/dev/galleon/galleon/lib/axis-jaxrpc-1.3.jar:/home/albiz/dev/galleon/galleon/lib/axis-saaj-1.3.jar:/home/albiz/dev/galleon/galleon/lib/axis-wsdl4j-1.5.1.jar:/home/albiz/dev/galleon/galleon/lib/jaxb-api-2.0-japex.jar:/home/albiz/dev/galleon/galleon/lib/apple-extensions.jar, -p, --include=org/lnicholls/galleon/, --title=/home/albiz/dev/sootOutput/logs/galleon.ds-finder.log, org.lnicholls.galleon.apps.weather.WeatherData]
Processed 837 non-library classes (11052 with libraries.)

COUNTS OF IMPLEMENTATIONS
=========================

Linked lists						0
Parents/outers						0
Others (2 java.lang.Object, 191 non-Object fields)	193
 exact matching fields					3

Distinct classes containing linked lists and parents:	0

N-cycles						15

Arrays							12
	 read-only:					1
	 w/arraycopy:					1
	 hashtable-like:				2
	 (error bars:) [3]				0

DECLARED SYSTEM COLLECTION FIELDS, BY IMPLEMENTING CLASS
========================================================
java.util.List						59
java.util.ArrayList					32
java.util.HashMap					8
java.util.LinkedList					3
java.util.Vector					1
Others							1


DECLARED AD-HOC COLLECTION FIELDS, BY IMPLEMENTING CLASS
========================================================
Others							0


INSTANTIATED SYSTEM COLLECTIONS (counts of `new' statements)
============================================================
java.util.ArrayList					616
java.util.HashMap					32
java.util.LinkedList					10
java.util.Hashtable					10
java.util.Properties					8
Others							12


INSTANTIATED AD-HOC COLLECTIONS
===============================
Others							0


DECLARED COLLECTION PARAMETER TYPES [1]
=======================================
Collections are not data structures [2]			23
Collections are potential data structures		85

 total org.lnicholls.galleon.*				15

java.lang.String					7
java.lang.Object					0
Ad-Hoc types:
=============
org.lnicholls.galleon.util.NameValue			4
org.lnicholls.galleon.server.Server$TaskInfo		3
org.lnicholls.galleon.togo.Rule				1
org.lnicholls.galleon.database.VideocastTrack		1
org.lnicholls.galleon.app.AppDescriptor			1
Others							5

System types:
==============
java.lang.String					7
com.tivo.hme.bananas.BApplication			1
com.tivo.hme.interfaces.IFactory			1
java.util.List						1
java.io.File						1
Others							2

TEMPLATE PARAMETERS					0
UNKNOWN							103

[1] sums to more than count of non-array collections: consider HashMap<A,B>.
[2] e.g. class Foo { List<String> NotDataStructure; }
[3] number of counted arrays in classes with multiple arrays.

