DSFinder has run for 0 min. 3 sec.
SUMMARY
=======

args: [--classpath=/home/albiz/dev/soot//soot-2.3.0/lib/sootclasses-2.3.0.jar:/home/albiz/dev/soot//jasmin-2.3.0/classes:/home/albiz/dev/soot//soot-2.3.0/lib/polyglotclasses.jar:/usr/share/javacup/lib/javacup.jar:/home/albiz/.gentoo/java-config-2/current-user-vm/jre/lib/rt.jar:/home/albiz/.gentoo/java-config-2/current-user-vm/jre/lib/jce.jar:/usr/share/junit/lib/junit.jar:/home/albiz/.gentoo/java-config-2/current-user-vm/jre/lib/jsse.jar:/home/albiz/.gentoo/java-config-2/current-user-vm/lib/tools.jar:/opt/sun-jdk-1.4.2.19/lib/tools.jar:/home/albiz/dev/ds-finder/classes/:/home/albiz/dev/hsqldb/classes:/usr/share/asm-3/lib/asm.jar:/usr/share/asm-3/lib/asm-commons.jar:/usr/share/asm-3/lib/asm-tree.jar:/home/albiz/dev/ds-finder/lib/jargs.jar:/home/albiz/dev/hsqldb/lib/servlet.jar, -s, -p, --include=org/hsqldb/, --title=/home/albiz/dev/sootOutput/logs/hsqldb.ds-finder.log, org.hsqldb.lib.HsqlArrayHeap]
Processed 242 non-library classes (2424 with libraries.)

COUNTS OF IMPLEMENTATIONS
=========================

Linked lists						4
Parents/outers						0
Others (9 java.lang.Object, 10 non-Object fields)	19
 exact matching fields					6

Distinct classes containing linked lists and parents:	4

N-cycles						13

Arrays							26
	 read-only:					8
	 w/arraycopy:					10
	 hashtable-like:				15
	 (error bars:) [3]				17

DECLARED SYSTEM COLLECTION FIELDS, BY IMPLEMENTING CLASS
========================================================
java.util.Vector					4
java.util.Properties					1
Others							0


DECLARED AD-HOC COLLECTION FIELDS, BY IMPLEMENTING CLASS
========================================================
org.hsqldb.Record					10
org.hsqldb.Node						8
org.hsqldb.Index$IndexRowIterator			4
org.hsqldb.lib.HsqlLinkedList$Node			3
Others							0


INSTANTIATED SYSTEM COLLECTIONS (counts of `new' statements)
============================================================
java.util.Vector					14
java.util.Properties					8
Others							0


INSTANTIATED AD-HOC COLLECTIONS
===============================
org.hsqldb.Index$IndexRowIterator			3
org.hsqldb.lib.HsqlLinkedList$Node			3
org.hsqldb.Record					2
Others							0


INSTANTIATED ARRAYS
===================
org.hsqldb.Table					17
org.hsqldb.store.BaseHashMap				10
org.hsqldb.lib.StringConverter				9
org.hsqldb.jdbc.jdbcPreparedStatement			6
org.hsqldb.lib.HsqlByteArrayOutputStream		4
Others							32


DECLARED COLLECTION PARAMETER TYPES [1]
=======================================
Collections are not data structures [2]			0
Collections are potential data structures		2


java.lang.String					0
java.lang.Object					0
Ad-Hoc types:
=============
Others							0

System types:
==============
Others							0

TEMPLATE PARAMETERS					0
UNKNOWN							5

[1] sums to more than count of non-array collections: consider HashMap<A,B>.
[2] e.g. class Foo { List<String> NotDataStructure; }
[3] number of counted arrays in classes with multiple arrays.

