DSFinder has run for 0 min. 9 sec.
SUMMARY
=======

args: [--classpath=/home/albiz/dev/soot//soot-2.3.0/lib/sootclasses-2.3.0.jar:/home/albiz/dev/soot//jasmin-2.3.0/classes:/home/albiz/dev/soot//soot-2.3.0/lib/polyglotclasses.jar:/usr/share/javacup/lib/javacup.jar:/home/albiz/.gentoo/java-config-2/current-user-vm/jre/lib/rt.jar:/home/albiz/.gentoo/java-config-2/current-user-vm/jre/lib/jce.jar:/usr/share/junit/lib/junit.jar:/home/albiz/.gentoo/java-config-2/current-user-vm/jre/lib/jsse.jar:/home/albiz/.gentoo/java-config-2/current-user-vm/lib/tools.jar:/opt/sun-jdk-1.4.2.19/lib/tools.jar:/home/albiz/dev/ds-finder/classes/:/home/albiz/dev/cdk-1.0.x/build/:/usr/share/asm-3/lib/asm.jar:/usr/share/asm-3/lib/asm-commons.jar:/usr/share/asm-3/lib/asm-tree.jar:/home/albiz/dev/ds-finder/lib/jargs.jar:/home/albiz/dev/cdk-1.0.x/jar/antlr.jar:/home/albiz/dev/cdk-1.0.x/jar/batik-awt-util.jar:/home/albiz/dev/cdk-1.0.x/jar/batik-dom.jar:/home/albiz/dev/cdk-1.0.x/jar/batik-svggen.jar:/home/albiz/dev/cdk-1.0.x/jar/batik-util.jar:/home/albiz/dev/cdk-1.0.x/jar/batik-xml.jar:/home/albiz/dev/cdk-1.0.x/jar/baysmith-io.jar:/home/albiz/dev/cdk-1.0.x/jar/bcel-5.1.jar:/home/albiz/dev/cdk-1.0.x/jar/biojava-1.4.jar:/home/albiz/dev/cdk-1.0.x/jar/commons-cli.jar:/home/albiz/dev/cdk-1.0.x/jar/dadml.jar:/home/albiz/dev/cdk-1.0.x/jar/jai_codec.jar:/home/albiz/dev/cdk-1.0.x/jar/jai_core.jar:/home/albiz/dev/cdk-1.0.x/jar/jama.jar:/home/albiz/dev/cdk-1.0.x/jar/javacc.jar:/home/albiz/dev/cdk-1.0.x/jar/jfontchooser.jar:/home/albiz/dev/cdk-1.0.x/jar/jgrapht.jar:/home/albiz/dev/cdk-1.0.x/jar/jniinchi-0.4.jar:/home/albiz/dev/cdk-1.0.x/jar/jumbo52.jar:/home/albiz/dev/cdk-1.0.x/jar/log4j-1.2.jar:/home/albiz/dev/cdk-1.0.x/jar/mysql-2.0.4.jar:/home/albiz/dev/cdk-1.0.x/jar/postgresql7.0-1.2.jar:/home/albiz/dev/cdk-1.0.x/jar/sjava-0.68.jar:/home/albiz/dev/cdk-1.0.x/jar/vecmath1.2.jar:/home/albiz/dev/cdk-1.0.x/jar/weka.jar:/home/albiz/dev/cdk-1.0.x/jar/xindice.jar:/home/albiz/dev/cdk-1.0.x/jar/xml-apis.jar:/home/albiz/dev/cdk-1.0.x/jar/xmldb.jar:/home/albiz/dev/cdk-1.0.x/jar/xom.jar, -p, --include=org/openscience/, --title=/home/albiz/dev/sootOutput/logs/jchem.ds-finder.log, org.openscience.cdk.applications.FingerPrinter]
Processed 914 non-library classes (6913 with libraries.)

COUNTS OF IMPLEMENTATIONS
=========================

Linked lists						4
Parents/outers						0
Others (4 java.lang.Object, 3 non-Object fields)	7
 exact matching fields					3

Distinct classes containing linked lists and parents:	4

N-cycles						12

Arrays							43
	 read-only:					3
	 w/arraycopy:					11
	 hashtable-like:				17
	 (error bars:) [3]				8

DECLARED SYSTEM COLLECTION FIELDS, BY IMPLEMENTING CLASS
========================================================
java.util.List						71
java.util.Vector					43
java.util.Hashtable					38
java.util.HashMap					22
java.util.Map						17
Others							21


DECLARED AD-HOC COLLECTION FIELDS, BY IMPLEMENTING CLASS
========================================================
org.openscience.cdk.iupac.parser.Token			8
org.openscience.cdk.iupac.parser.NomParser$JJCalls	1
Others							0


INSTANTIATED SYSTEM COLLECTIONS (counts of `new' statements)
============================================================
java.util.ArrayList					542
java.util.Vector					316
java.util.HashMap					112
java.util.Hashtable					90
java.util.HashSet					32
Others							42


INSTANTIATED AD-HOC COLLECTIONS
===============================
org.openscience.cdk.iupac.parser.Token			8
org.openscience.cdk.iupac.parser.NomParser$JJCalls	7
org.openscience.cdk.graph.MinimalPathIterator		2
...cdk.graph.MinimalPathIterator$MyBreadthFirstIterator	1
Others							0


DECLARED COLLECTION PARAMETER TYPES [1]
=======================================
Collections are not data structures [2]			0
Collections are potential data structures		105


java.lang.String					0
java.lang.Object					0
Ad-Hoc types:
=============
Others							0

System types:
==============
Others							0

TEMPLATE PARAMETERS					0
UNKNOWN							212

[1] sums to more than count of non-array collections: consider HashMap<A,B>.
[2] e.g. class Foo { List<String> NotDataStructure; }
[3] number of counted arrays in classes with multiple arrays.

