DSFinder has run for 0 min. 5 sec.
SUMMARY
=======

args: [--classpath=/home/albiz/dev/soot//soot-2.3.0/lib/sootclasses-2.3.0.jar:/home/albiz/dev/soot//jasmin-2.3.0/classes:/home/albiz/dev/soot//soot-2.3.0/lib/polyglotclasses.jar:/usr/share/javacup/lib/javacup.jar:/home/albiz/.gentoo/java-config-2/current-user-vm/jre/lib/rt.jar:/home/albiz/.gentoo/java-config-2/current-user-vm/jre/lib/jce.jar:/usr/share/junit/lib/junit.jar:/home/albiz/.gentoo/java-config-2/current-user-vm/jre/lib/jsse.jar:/home/albiz/.gentoo/java-config-2/current-user-vm/lib/tools.jar:/opt/sun-jdk-1.4.2.19/lib/tools.jar:/home/albiz/dev/ds-finder/classes/:/home/albiz/dev/jcm/JCM/trunk/build/classes:/usr/share/asm-3/lib/asm.jar:/usr/share/asm-3/lib/asm-commons.jar:/usr/share/asm-3/lib/asm-tree.jar:/home/albiz/dev/ds-finder/lib/jargs.jar:/home/albiz/dev/jcm/JCM/trunk/, -p, --include=jcm/, --title=/home/albiz/dev/sootOutput/logs/jcm.ds-finder.log, jcm.StartJCM]
Processed 353 non-library classes (5403 with libraries.)

COUNTS OF IMPLEMENTATIONS
=========================

Linked lists						0
Parents/outers						1
Others (9 java.lang.Object, 16 non-Object fields)	25
 exact matching fields					6

Distinct classes containing linked lists and parents:	1

N-cycles						13

Arrays							21
	 read-only:					4
	 w/arraycopy:					0
	 hashtable-like:				8
	 (error bars:) [3]				7

DECLARED SYSTEM COLLECTION FIELDS, BY IMPLEMENTING CLASS
========================================================
java.util.List						5
java.util.Map						2
java.util.Vector					2
java.util.Set						1
Others							0


DECLARED AD-HOC COLLECTION FIELDS, BY IMPLEMENTING CLASS
========================================================
jcm.core.tls.meminfo					1
Others							0


INSTANTIATED SYSTEM COLLECTIONS (counts of `new' statements)
============================================================
java.util.HashMap					108
java.util.ArrayList					62
java.util.HashSet					60
java.util.EnumMap					30
java.util.Vector					26
Others							64


INSTANTIATED AD-HOC COLLECTIONS
===============================
jcm.core.tls.meminfo					1
Others							0


DECLARED COLLECTION PARAMETER TYPES [1]
=======================================
Collections are not data structures [2]			81
Collections are potential data structures		9

 total jcm.*						93

java.lang.String					10
java.lang.Object					2
Ad-Hoc types:
=============
jcm.core.reg.region					44
jcm.gui.nav.filter$filtertype				6
jcm.core.cur.curveset					5
jcm.core.par.param					4
jcm.gui.doc.label$langcode				3
Others							31

System types:
==============
java.lang.Float						25
java.lang.String					10
java.util.Map						4
java.lang.Integer					4
java.util.Set						4
Others							14

TEMPLATE PARAMETERS					0
UNKNOWN							2

[1] sums to more than count of non-array collections: consider HashMap<A,B>.
[2] e.g. class Foo { List<String> NotDataStructure; }
[3] number of counted arrays in classes with multiple arrays.

