DSFinder has run for 0 min. 7 sec.
SUMMARY
=======

args: [--classpath=/home/albiz/dev/soot//soot-2.3.0/lib/sootclasses-2.3.0.jar:/home/albiz/dev/soot//jasmin-2.3.0/classes:/home/albiz/dev/soot//soot-2.3.0/lib/polyglotclasses.jar:/usr/share/javacup/lib/javacup.jar:/home/albiz/.gentoo/java-config-2/current-user-vm/jre/lib/rt.jar:/home/albiz/.gentoo/java-config-2/current-user-vm/jre/lib/jce.jar:/usr/share/junit/lib/junit.jar:/home/albiz/.gentoo/java-config-2/current-user-vm/jre/lib/jsse.jar:/home/albiz/.gentoo/java-config-2/current-user-vm/lib/tools.jar:/opt/sun-jdk-1.4.2.19/lib/tools.jar:/home/albiz/dev/ds-finder/classes/:/home/albiz/dev/jEdit/build/classes/core:/usr/share/asm-3/lib/asm.jar:/usr/share/asm-3/lib/asm-commons.jar:/usr/share/asm-3/lib/asm-tree.jar:/home/albiz/dev/ds-finder/lib/jargs.jar:, -p, --include=org/gjt/, --title=/home/albiz/dev/sootOutput/logs/jedit.ds-finder.log, org.gjt.sp.jedit.jEdit]
Processed 1109 non-library classes (6156 with libraries.)

COUNTS OF IMPLEMENTATIONS
=========================

Linked lists						15
Parents/outers						4
Others (22 java.lang.Object, 10 non-Object fields)	32
 exact matching fields					3

Distinct classes containing linked lists and parents:	18

N-cycles						34

Arrays							51
	 read-only:					21
	 w/arraycopy:					7
	 hashtable-like:				3
	 (error bars:) [3]				0

DECLARED SYSTEM COLLECTION FIELDS, BY IMPLEMENTING CLASS
========================================================
java.util.Hashtable					20
java.util.Vector					13
java.util.List						11
java.util.Map						10
java.util.Properties					6
Others							20


DECLARED AD-HOC COLLECTION FIELDS, BY IMPLEMENTING CLASS
========================================================
org.gjt.sp.jedit.View					75
org.gjt.sp.jedit.Buffer					26
org.gjt.sp.jedit.bsh.NameSpace				11
org.gjt.sp.jedit.buffer.UndoManager$Edit		10
org.gjt.sp.jedit.bsh.Token				9
Others							49


INSTANTIATED SYSTEM COLLECTIONS (counts of `new' statements)
============================================================
java.util.ArrayList					184
java.util.Vector					128
java.util.Hashtable					104
java.util.HashMap					90
java.util.HashSet					78
Others							156


INSTANTIATED AD-HOC COLLECTIONS
===============================
org.gjt.sp.jedit.bsh.NameSpace				22
org.gjt.sp.jedit.bsh.org.objectweb.asm.Item		14
org.gjt.sp.jedit.syntax.ParserRule			12
org.gjt.sp.jedit.bsh.Token				7
org.gjt.sp.jedit.buffer.BufferSegment			6
Others							27


DECLARED COLLECTION PARAMETER TYPES [1]
=======================================
Collections are not data structures [2]			85
Collections are potential data structures		46

 total org.gjt.*					55

java.lang.String					47
java.lang.Object					5
Ad-Hoc types:
=============
org.gjt.sp.jedit.bufferset.BufferSet			3
org.gjt.sp.jedit.syntax.Chunk				3
org.gjt.sp.jedit.gui.DockableWindowManagerImpl$Entry	3
org.gjt.sp.jedit.options.WindowTableModel$Entry		2
org.gjt.sp.jedit.Buffer					2
Others							42

System types:
==============
java.lang.String					47
java.lang.Integer					8
java.lang.Object					5
java.lang.Boolean					2
javax.swing.event.ListDataListener			1
Others							8

TEMPLATE PARAMETERS					3
UNKNOWN							69

[1] sums to more than count of non-array collections: consider HashMap<A,B>.
[2] e.g. class Foo { List<String> NotDataStructure; }
[3] number of counted arrays in classes with multiple arrays.

