DSFinder has run for 0 min. 5 sec.
SUMMARY
=======

args: [--classpath=/home/albiz/dev/soot//soot-2.3.0/lib/sootclasses-2.3.0.jar:/home/albiz/dev/soot//jasmin-2.3.0/classes:/home/albiz/dev/soot//soot-2.3.0/lib/polyglotclasses.jar:/usr/share/javacup/lib/javacup.jar:/home/albiz/.gentoo/java-config-2/current-user-vm/jre/lib/rt.jar:/home/albiz/.gentoo/java-config-2/current-user-vm/jre/lib/jce.jar:/usr/share/junit/lib/junit.jar:/home/albiz/.gentoo/java-config-2/current-user-vm/jre/lib/jsse.jar:/home/albiz/.gentoo/java-config-2/current-user-vm/lib/tools.jar:/opt/sun-jdk-1.4.2.19/lib/tools.jar:/home/albiz/dev/ds-finder/classes/:/home/albiz/dev/jeppers/classes:/usr/share/asm-3/lib/asm.jar:/usr/share/asm-3/lib/asm-commons.jar:/usr/share/asm-3/lib/asm-tree.jar:/home/albiz/dev/ds-finder/lib/jargs.jar:/home/albiz/dev/jeppers/lib/jlfgr-1_0.jar:/home/albiz/dev/jeppers/jgrid.jar:/home/albiz/dev/jeppers/jexpression.jar, -p, --include=grid/, --title=/home/albiz/dev/sootOutput/logs/jeppers.ds-finder.log, grid.designer.SpreadsheetDesigner]
Processed 78 non-library classes (5162 with libraries.)

COUNTS OF IMPLEMENTATIONS
=========================

Linked lists						0
Parents/outers						0
Others (0 java.lang.Object, 0 non-Object fields)	0
 exact matching fields					0

Distinct classes containing linked lists and parents:	0

N-cycles						0

Arrays							2
	 read-only:					0
	 w/arraycopy:					0
	 hashtable-like:				0
	 (error bars:) [3]				0

DECLARED SYSTEM COLLECTION FIELDS, BY IMPLEMENTING CLASS
========================================================
Others							0


DECLARED AD-HOC COLLECTION FIELDS, BY IMPLEMENTING CLASS
========================================================
Others							0


INSTANTIATED SYSTEM COLLECTIONS (counts of `new' statements)
============================================================
Others							0


INSTANTIATED AD-HOC COLLECTIONS
===============================
Others							0


DECLARED COLLECTION PARAMETER TYPES [1]
=======================================
Collections are not data structures [2]			0
Collections are potential data structures		0


java.lang.String					0
java.lang.Object					0
Ad-Hoc types:
=============
Others							0

System types:
==============
Others							0

TEMPLATE PARAMETERS					0
UNKNOWN							0

[1] sums to more than count of non-array collections: consider HashMap<A,B>.
[2] e.g. class Foo { List<String> NotDataStructure; }
[3] number of counted arrays in classes with multiple arrays.

