DSFinder has run for 0 min. 3 sec.
SUMMARY
=======

args: [--classpath=/home/albiz/dev/soot//soot-2.3.0/lib/sootclasses-2.3.0.jar:/home/albiz/dev/soot//jasmin-2.3.0/classes:/home/albiz/dev/soot//soot-2.3.0/lib/polyglotclasses.jar:/usr/share/javacup/lib/javacup.jar:/home/albiz/.gentoo/java-config-2/current-user-vm/jre/lib/rt.jar:/home/albiz/.gentoo/java-config-2/current-user-vm/jre/lib/jce.jar:/usr/share/junit/lib/junit.jar:/home/albiz/.gentoo/java-config-2/current-user-vm/jre/lib/jsse.jar:/home/albiz/.gentoo/java-config-2/current-user-vm/lib/tools.jar:/opt/sun-jdk-1.4.2.19/lib/tools.jar:/home/albiz/dev/ds-finder/classes/:/home/albiz/dev/jetty-6.1.17//modules/jetty/target/classes:/usr/share/asm-3/lib/asm.jar:/usr/share/asm-3/lib/asm-commons.jar:/usr/share/asm-3/lib/asm-tree.jar:/home/albiz/dev/ds-finder/lib/jargs.jar:/home/albiz/dev/jetty-6.1.17//lib/servlet-api-2.5-20081211.jar:/home/albiz/dev/jetty-6.1.17//lib/jetty-util-6.1.17.jar, -p, --include=org/mortbay/, --title=/home/albiz/dev/sootOutput/logs/jetty.ds-finder.log, org.mortbay.jetty.Main]
Processed 331 non-library classes (2532 with libraries.)

COUNTS OF IMPLEMENTATIONS
=========================

Linked lists						8
Parents/outers						3
Others (27 java.lang.Object, 3 non-Object fields)	30
 exact matching fields					0

Distinct classes containing linked lists and parents:	8

N-cycles						18

Arrays							29
	 read-only:					8
	 w/arraycopy:					2
	 hashtable-like:				18
	 (error bars:) [3]				12

DECLARED SYSTEM COLLECTION FIELDS, BY IMPLEMENTING CLASS
========================================================
java.util.Map						29
java.util.HashMap					12
java.util.List						11
java.util.Set						11
java.util.ArrayList					8
Others							29


DECLARED AD-HOC COLLECTION FIELDS, BY IMPLEMENTING CLASS
========================================================
org.mortbay.jetty.HttpFields$Field			8
org.mortbay.xml.XmlParser$Node				6
org.mortbay.thread.Timeout$Task				4
org.mortbay.jetty.ResourceCache$Content			4
org.mortbay.util.StringMap$Node				2
Others							1


INSTANTIATED SYSTEM COLLECTIONS (counts of `new' statements)
============================================================
java.util.HashMap					144
java.util.ArrayList					96
java.util.HashSet					46
org.mortbay.util.StringMap				34
org.mortbay.util.MultiMap				16
Others							36


INSTANTIATED AD-HOC COLLECTIONS
===============================
org.mortbay.util.StringMap$Node				4
org.mortbay.jetty.servlet.ServletHandler$CachedChain	2
org.mortbay.jetty.HttpFields$Field			2
org.mortbay.component.Container$Relationship		2
org.mortbay.xml.XmlParser$Node				2
Others							4


DECLARED COLLECTION PARAMETER TYPES [1]
=======================================
Collections are not data structures [2]			0
Collections are potential data structures		56


java.lang.String					0
java.lang.Object					0
Ad-Hoc types:
=============
Others							0

System types:
==============
Others							0

TEMPLATE PARAMETERS					0
UNKNOWN							100

[1] sums to more than count of non-array collections: consider HashMap<A,B>.
[2] e.g. class Foo { List<String> NotDataStructure; }
[3] number of counted arrays in classes with multiple arrays.

