DSFinder has run for 0 min. 5 sec.
SUMMARY
=======

args: [--classpath=/home/albiz/dev/soot//soot-2.3.0/lib/sootclasses-2.3.0.jar:/home/albiz/dev/soot//jasmin-2.3.0/classes:/home/albiz/dev/soot//soot-2.3.0/lib/polyglotclasses.jar:/usr/share/javacup/lib/javacup.jar:/home/albiz/.gentoo/java-config-2/current-user-vm/jre/lib/rt.jar:/home/albiz/.gentoo/java-config-2/current-user-vm/jre/lib/jce.jar:/usr/share/junit/lib/junit.jar:/home/albiz/.gentoo/java-config-2/current-user-vm/jre/lib/jsse.jar:/home/albiz/.gentoo/java-config-2/current-user-vm/lib/tools.jar:/opt/sun-jdk-1.4.2.19/lib/tools.jar:/home/albiz/dev/ds-finder/classes/:/home/albiz/dev/jext/build:/usr/share/asm-3/lib/asm.jar:/usr/share/asm-3/lib/asm-commons.jar:/usr/share/asm-3/lib/asm-tree.jar:/home/albiz/dev/ds-finder/lib/jargs.jar:/home/albiz/dev/jext/lib/dawn-1.1.1.jar:/home/albiz/dev/jext/lib/jext-5.0.jar:/home/albiz/dev/jext/lib/jython-2.1.jar:/home/albiz/dev/jext/lib/looks-1.2.2.jar, -p, --include=org/jext/, --title=/home/albiz/dev/sootOutput/logs/jext.ds-finder.log, org.gjt.sp.jedit.textarea.JEditTextArea]
Processed 470 non-library classes (5810 with libraries.)

COUNTS OF IMPLEMENTATIONS
=========================

Linked lists						1
Parents/outers						0
Others (1 java.lang.Object, 1 non-Object fields)	2
 exact matching fields					0

Distinct classes containing linked lists and parents:	1

N-cycles						10

Arrays							18
	 read-only:					4
	 w/arraycopy:					0
	 hashtable-like:				2
	 (error bars:) [3]				0

DECLARED SYSTEM COLLECTION FIELDS, BY IMPLEMENTING CLASS
========================================================
java.util.ArrayList					14
java.util.Stack						6
java.util.Hashtable					5
java.util.Vector					3
java.util.HashMap					2
Others							2


DECLARED AD-HOC COLLECTION FIELDS, BY IMPLEMENTING CLASS
========================================================
org.jext.console.commands.Command			4
Others							0


INSTANTIATED SYSTEM COLLECTIONS (counts of `new' statements)
============================================================
java.util.ArrayList					62
java.util.Vector					38
java.util.Hashtable					18
java.util.HashMap					14
java.util.Stack						12
Others							14


INSTANTIATED AD-HOC COLLECTIONS
===============================
Others							0


DECLARED COLLECTION PARAMETER TYPES [1]
=======================================
Collections are not data structures [2]			0
Collections are potential data structures		24


java.lang.String					0
java.lang.Object					0
Ad-Hoc types:
=============
Others							0

System types:
==============
Others							0

TEMPLATE PARAMETERS					0
UNKNOWN							32

[1] sums to more than count of non-array collections: consider HashMap<A,B>.
[2] e.g. class Foo { List<String> NotDataStructure; }
[3] number of counted arrays in classes with multiple arrays.

