DSFinder has run for 0 min. 5 sec.
SUMMARY
=======

args: [--classpath=/home/albiz/dev/soot//soot-2.3.0/lib/sootclasses-2.3.0.jar:/home/albiz/dev/soot//jasmin-2.3.0/classes:/home/albiz/dev/soot//soot-2.3.0/lib/polyglotclasses.jar:/usr/share/javacup/lib/javacup.jar:/home/albiz/.gentoo/java-config-2/current-user-vm/jre/lib/rt.jar:/home/albiz/.gentoo/java-config-2/current-user-vm/jre/lib/jce.jar:/usr/share/junit/lib/junit.jar:/home/albiz/.gentoo/java-config-2/current-user-vm/jre/lib/jsse.jar:/home/albiz/.gentoo/java-config-2/current-user-vm/lib/tools.jar:/opt/sun-jdk-1.4.2.19/lib/tools.jar:/home/albiz/dev/ds-finder/classes/:/home/albiz/dev/jfreechart-1.0.13/build:/usr/share/asm-3/lib/asm.jar:/usr/share/asm-3/lib/asm-commons.jar:/usr/share/asm-3/lib/asm-tree.jar:/home/albiz/dev/ds-finder/lib/jargs.jar:/home/albiz/dev/jfreechart-1.0.13/lib/jcommon-1.0.16.jar:/home/albiz/dev/jfreechart-1.0.13/lib/servlet.jar, -p, --include=org/jfree/, --title=/home/albiz/dev/sootOutput/logs/jfreechart.ds-finder.log, org.jfree.chart.demo.BarChartDemo1]
Processed 819 non-library classes (5897 with libraries.)

COUNTS OF IMPLEMENTATIONS
=========================

Linked lists						0
Parents/outers						5
Others (8 java.lang.Object, 4 non-Object fields)	12
 exact matching fields					1

Distinct classes containing linked lists and parents:	5

N-cycles						15

Arrays							34
	 read-only:					7
	 w/arraycopy:					12
	 hashtable-like:				14
	 (error bars:) [3]				19

DECLARED SYSTEM COLLECTION FIELDS, BY IMPLEMENTING CLASS
========================================================
java.util.List						92
java.util.Map						22
java.util.ArrayList					15
java.util.HashMap					4
java.util.Stack						3
Others							8


DECLARED AD-HOC COLLECTION FIELDS, BY IMPLEMENTING CLASS
========================================================
org.jfree.chart.plot.Plot				5
org.jfree.data.xml.ItemHandler				2
org.jfree.ui.action.DowngradeActionMap			1
Others							0


INSTANTIATED SYSTEM COLLECTIONS (counts of `new' statements)
============================================================
java.util.ArrayList					486
java.util.HashMap					82
java.util.TreeMap					26
java.util.LinkedList					12
java.util.Vector					10
Others							36


INSTANTIATED AD-HOC COLLECTIONS
===============================
org.jfree.data.xml.ItemHandler				3
Others							0


DECLARED COLLECTION PARAMETER TYPES [1]
=======================================
Collections are not data structures [2]			0
Collections are potential data structures		99


java.lang.String					0
java.lang.Object					0
Ad-Hoc types:
=============
Others							0

System types:
==============
Others							0

TEMPLATE PARAMETERS					0
UNKNOWN							144

[1] sums to more than count of non-array collections: consider HashMap<A,B>.
[2] e.g. class Foo { List<String> NotDataStructure; }
[3] number of counted arrays in classes with multiple arrays.

