DSFinder has run for 0 min. 5 sec.
SUMMARY
=======

args: [--classpath=/home/albiz/dev/soot//soot-2.3.0/lib/sootclasses-2.3.0.jar:/home/albiz/dev/soot//jasmin-2.3.0/classes:/home/albiz/dev/soot//soot-2.3.0/lib/polyglotclasses.jar:/usr/share/javacup/lib/javacup.jar:/home/albiz/.gentoo/java-config-2/current-user-vm/jre/lib/rt.jar:/home/albiz/.gentoo/java-config-2/current-user-vm/jre/lib/jce.jar:/usr/share/junit/lib/junit.jar:/home/albiz/.gentoo/java-config-2/current-user-vm/jre/lib/jsse.jar:/home/albiz/.gentoo/java-config-2/current-user-vm/lib/tools.jar:/opt/sun-jdk-1.4.2.19/lib/tools.jar:/home/albiz/dev/ds-finder/classes/:/home/albiz/dev/jgraphx/classes:/usr/share/asm-3/lib/asm.jar:/usr/share/asm-3/lib/asm-commons.jar:/usr/share/asm-3/lib/asm-tree.jar:/home/albiz/dev/ds-finder/lib/jargs.jar:/home/albiz/dev/jgraphx/lib/jgraphx.jar, -p, --include=com/mxgraph/, --title=/home/albiz/dev/sootOutput/logs/jgraph.ds-finder.log, com.mxgraph.view.mxGraph]
Processed 177 non-library classes (5203 with libraries.)

COUNTS OF IMPLEMENTATIONS
=========================

Linked lists						5
Parents/outers						3
Others (23 java.lang.Object, 9 non-Object fields)	32
 exact matching fields					2

Distinct classes containing linked lists and parents:	7

N-cycles						5

Arrays							7
	 read-only:					4
	 w/arraycopy:					1
	 hashtable-like:				1
	 (error bars:) [3]				2

DECLARED SYSTEM COLLECTION FIELDS, BY IMPLEMENTING CLASS
========================================================
java.util.Hashtable					9
java.util.List						8
java.util.Map						5
java.util.Set						3
java.util.Collection					3
Others							0


DECLARED AD-HOC COLLECTION FIELDS, BY IMPLEMENTING CLASS
========================================================
com.mxgraph.algebra.mxFibonacciHeap$Node		5
com.mxgraph.algebra.mxUnionFind$Node			1
Others							0


INSTANTIATED SYSTEM COLLECTIONS (counts of `new' statements)
============================================================
java.util.ArrayList					102
java.util.Hashtable					70
java.util.HashSet					30
java.util.LinkedHashSet					6
java.util.LinkedHashMap					4
Others							4


INSTANTIATED AD-HOC COLLECTIONS
===============================
com.mxgraph.model.mxGraphModel$mxChildChange		2
com.mxgraph.model.mxGraphModel$mxRootChange		1
com.mxgraph.algebra.mxFibonacciHeap$Node		1
com.mxgraph.algebra.mxUnionFind$Node			1
com.mxgraph.model.mxGraphModel$mxValueChange		1
Others							2


DECLARED COLLECTION PARAMETER TYPES [1]
=======================================
Collections are not data structures [2]			0
Collections are potential data structures		21


java.lang.String					0
java.lang.Object					0
Ad-Hoc types:
=============
Others							0

System types:
==============
Others							0

TEMPLATE PARAMETERS					0
UNKNOWN							28

[1] sums to more than count of non-array collections: consider HashMap<A,B>.
[2] e.g. class Foo { List<String> NotDataStructure; }
[3] number of counted arrays in classes with multiple arrays.

