DSFinder has run for 0 min. 6 sec.
SUMMARY
=======

args: [--classpath=/home/albiz/dev/soot//soot-2.3.0/lib/sootclasses-2.3.0.jar:/home/albiz/dev/soot//jasmin-2.3.0/classes:/home/albiz/dev/soot//soot-2.3.0/lib/polyglotclasses.jar:/usr/share/javacup/lib/javacup.jar:/home/albiz/.gentoo/java-config-2/current-user-vm/jre/lib/rt.jar:/home/albiz/.gentoo/java-config-2/current-user-vm/jre/lib/jce.jar:/usr/share/junit/lib/junit.jar:/home/albiz/.gentoo/java-config-2/current-user-vm/jre/lib/jsse.jar:/home/albiz/.gentoo/java-config-2/current-user-vm/lib/tools.jar:/opt/sun-jdk-1.4.2.19/lib/tools.jar:/home/albiz/dev/ds-finder/classes/:/home/albiz/dev/jakarta-jmeter-2.3.2/build/core:/usr/share/asm-3/lib/asm.jar:/usr/share/asm-3/lib/asm-commons.jar:/usr/share/asm-3/lib/asm-tree.jar:/home/albiz/dev/ds-finder/lib/jargs.jar:/home/albiz/dev/jakarta-jmeter-2.3.2/lib/Tidy.jar:/home/albiz/dev/jakarta-jmeter-2.3.2/lib/avalon-framework-4.1.4.jar:/home/albiz/dev/jakarta-jmeter-2.3.2/lib/batik-awt-util-1.6.jar:/home/albiz/dev/jakarta-jmeter-2.3.2/lib/bsf-2.4.0.jar:/home/albiz/dev/jakarta-jmeter-2.3.2/lib/bshclient.jar:/home/albiz/dev/jakarta-jmeter-2.3.2/lib/commons-codec-1.3.jar:/home/albiz/dev/jakarta-jmeter-2.3.2/lib/commons-collections-3.2.jar:/home/albiz/dev/jakarta-jmeter-2.3.2/lib/commons-httpclient-3.1.jar:/home/albiz/dev/jakarta-jmeter-2.3.2/lib/commons-io-1.4.jar:/home/albiz/dev/jakarta-jmeter-2.3.2/lib/commons-jexl-1.1.jar:/home/albiz/dev/jakarta-jmeter-2.3.2/lib/commons-lang-2.4.jar:/home/albiz/dev/jakarta-jmeter-2.3.2/lib/commons-logging-1.1.1.jar:/home/albiz/dev/jakarta-jmeter-2.3.2/lib/commons-net-1.4.1.jar:/home/albiz/dev/jakarta-jmeter-2.3.2/lib/excalibur-datasource-1.1.1.jar:/home/albiz/dev/jakarta-jmeter-2.3.2/lib/excalibur-instrument-1.0.jar:/home/albiz/dev/jakarta-jmeter-2.3.2/lib/excalibur-logger-1.1.jar:/home/albiz/dev/jakarta-jmeter-2.3.2/lib/excalibur-pool-1.2.jar:/home/albiz/dev/jakarta-jmeter-2.3.2/lib/htmllexer-2.0-20060923.jar:/home/albiz/dev/jakarta-jmeter-2.3.2/lib/htmlparser-2.0-20060923.jar:/home/albiz/dev/jakarta-jmeter-2.3.2/lib/jCharts-0.7.5.jar:/home/albiz/dev/jakarta-jmeter-2.3.2/lib/jakarta-oro-2.0.8.jar:/home/albiz/dev/jakarta-jmeter-2.3.2/lib/jdom-1.0.jar:/home/albiz/dev/jakarta-jmeter-2.3.2/lib/jorphan.jar:/home/albiz/dev/jakarta-jmeter-2.3.2/lib/js_rhino1_6R5.jar:/home/albiz/dev/jakarta-jmeter-2.3.2/lib/junit3.8.2.jar:/home/albiz/dev/jakarta-jmeter-2.3.2/lib/logkit-1.2.jar:/home/albiz/dev/jakarta-jmeter-2.3.2/lib/serializer-2_9_1.jar:/home/albiz/dev/jakarta-jmeter-2.3.2/lib/soap.jar:/home/albiz/dev/jakarta-jmeter-2.3.2/lib/xalan_2_7_1.jar:/home/albiz/dev/jakarta-jmeter-2.3.2/lib/xercesImpl-2_9_1.jar:/home/albiz/dev/jakarta-jmeter-2.3.2/lib/xml-apis-2_9_1.jar:/home/albiz/dev/jakarta-jmeter-2.3.2/lib/xpp3_min-1.1.4c.jar:/home/albiz/dev/jakarta-jmeter-2.3.2/lib/xstream-1.3.jar:/home/albiz/dev/jakarta-jmeter-2.3.2/lib/avalon-logkit-2.1.jar:/home/albiz/dev/jakarta-jmeter-2.3.2/lib/excalibur-i18n-1.1.jar:/home/albiz/dev/jakarta-jmeter-2.3.2/lib/batik-util-1.6.jar, -p, --include=org/apache/jmeter/, --title=/home/albiz/dev/sootOutput/logs/jmeter.ds-finder.log, org.apache.jmeter.util.BeanShellClient]
Processed 337 non-library classes (6241 with libraries.)

COUNTS OF IMPLEMENTATIONS
=========================

Linked lists						0
Parents/outers						2
Others (2 java.lang.Object, 1 non-Object fields)	3
 exact matching fields					0

Distinct classes containing linked lists and parents:	2

N-cycles						7

Arrays							9
	 read-only:					2
	 w/arraycopy:					1
	 hashtable-like:				0
	 (error bars:) [3]				0

DECLARED SYSTEM COLLECTION FIELDS, BY IMPLEMENTING CLASS
========================================================
java.util.Map						25
java.util.List						23
java.util.LinkedList					8
java.util.Collection					8
org.apache.jorphan.collections.HashTree			6
Others							12


DECLARED AD-HOC COLLECTION FIELDS, BY IMPLEMENTING CLASS
========================================================
org.apache.jmeter.samplers.SampleResult			5
org.apache.jmeter.JMeter				1
Others							0


INSTANTIATED SYSTEM COLLECTIONS (counts of `new' statements)
============================================================
java.util.LinkedList					158
java.util.HashSet					84
java.util.HashMap					70
java.util.ArrayList					34
java.util.Vector					24
Others							44


INSTANTIATED AD-HOC COLLECTIONS
===============================
org.apache.jmeter.samplers.SampleResult			5
org.apache.jmeter.JMeter				1
Others							0


DECLARED COLLECTION PARAMETER TYPES [1]
=======================================
Collections are not data structures [2]			0
Collections are potential data structures		48


java.lang.String					0
java.lang.Object					0
Ad-Hoc types:
=============
Others							0

System types:
==============
Others							0

TEMPLATE PARAMETERS					0
UNKNOWN							82

[1] sums to more than count of non-array collections: consider HashMap<A,B>.
[2] e.g. class Foo { List<String> NotDataStructure; }
[3] number of counted arrays in classes with multiple arrays.

