DSFinder has run for 0 min. 8 sec.
SUMMARY
=======

args: [--classpath=/home/albiz/dev/soot//soot-2.3.0/lib/sootclasses-2.3.0.jar:/home/albiz/dev/soot//jasmin-2.3.0/classes:/home/albiz/dev/soot//soot-2.3.0/lib/polyglotclasses.jar:/usr/share/javacup/lib/javacup.jar:/home/albiz/.gentoo/java-config-2/current-user-vm/jre/lib/rt.jar:/home/albiz/.gentoo/java-config-2/current-user-vm/jre/lib/jce.jar:/usr/share/junit/lib/junit.jar:/home/albiz/.gentoo/java-config-2/current-user-vm/jre/lib/jsse.jar:/home/albiz/.gentoo/java-config-2/current-user-vm/lib/tools.jar:/opt/sun-jdk-1.4.2.19/lib/tools.jar:/home/albiz/dev/ds-finder/classes/:/home/albiz/dev/jre//classes/:/usr/share/asm-3/lib/asm.jar:/usr/share/asm-3/lib/asm-commons.jar:/usr/share/asm-3/lib/asm-tree.jar:/home/albiz/dev/ds-finder/lib/jargs.jar:, -s, -p, --include=java/util/, --title=/home/albiz/dev/sootOutput/logs/jre.ds-finder.log, java.util.prefs.Base64]
Processed 712 non-library classes (2367 with libraries.)

COUNTS OF IMPLEMENTATIONS
=========================

Linked lists						21
Parents/outers						5
Others (32 java.lang.Object, 35 non-Object fields)	67
 exact matching fields					9

Distinct classes containing linked lists and parents:	24

N-cycles						34

Arrays							33
	 read-only:					10
	 w/arraycopy:					10
	 hashtable-like:				9
	 (error bars:) [3]				6

DECLARED SYSTEM COLLECTION FIELDS, BY IMPLEMENTING CLASS
========================================================
java.util.Set						22
java.util.TreeMap					13
java.util.Map						10
java.util.Collection					10
java.util.HashMap					9
Others							135


DECLARED AD-HOC COLLECTION FIELDS, BY IMPLEMENTING CLASS
========================================================
java.util.regex.Pattern$Node				23
...til.concurrent.locks.AbstractQueuedSynchronizer$Node	9
...concurrent.locks.AbstractQueuedLongSynchronizer$Node	9
java.util.TreeMap$Entry					8
java.util.logging.Logger				7
Others							60


INSTANTIATED SYSTEM COLLECTIONS (counts of `new' statements)
============================================================
java.util.ArrayList					92
java.util.HashMap					42
java.util.Hashtable					24
java.util.TreeMap					20
java.util.concurrent.ConcurrentSkipListSet		16
Others							374


INSTANTIATED AD-HOC COLLECTIONS
===============================
java.util.concurrent.ConcurrentSkipListMap$Node		5
java.util.LinkedList$Entry				5
...til.concurrent.locks.AbstractQueuedSynchronizer$Node	4
...concurrent.locks.AbstractQueuedLongSynchronizer$Node	4
java.util.TreeMap$Entry					4
Others							35


DECLARED COLLECTION PARAMETER TYPES [1]
=======================================
Collections are not data structures [2]			9
Collections are potential data structures		165

 total java.util.*					18

java.lang.String					4
java.lang.Object					10
Ad-Hoc types:
=============
java.util.Map$Entry					14
java.util.concurrent.Future				1
java.util.logging.Logger				1
java.util.concurrent.ThreadPoolExecutor$Worker		1
...rent.ScheduledThreadPoolExecutor$ScheduledFutureTask	1
Others							0

System types:
==============
java.lang.Object					10
java.lang.String					4
java.lang.Runnable					1
java.lang.Boolean					1
Others							0

TEMPLATE PARAMETERS					89
UNKNOWN							132

[1] sums to more than count of non-array collections: consider HashMap<A,B>.
[2] e.g. class Foo { List<String> NotDataStructure; }
[3] number of counted arrays in classes with multiple arrays.

