DSFinder has run for 0 min. 5 sec.
SUMMARY
=======

args: [--classpath=/home/albiz/dev/soot//soot-2.3.0/lib/sootclasses-2.3.0.jar:/home/albiz/dev/soot//jasmin-2.3.0/classes:/home/albiz/dev/soot//soot-2.3.0/lib/polyglotclasses.jar:/usr/share/javacup/lib/javacup.jar:/home/albiz/.gentoo/java-config-2/current-user-vm/jre/lib/rt.jar:/home/albiz/.gentoo/java-config-2/current-user-vm/jre/lib/jce.jar:/usr/share/junit/lib/junit.jar:/home/albiz/.gentoo/java-config-2/current-user-vm/jre/lib/jsse.jar:/home/albiz/.gentoo/java-config-2/current-user-vm/lib/tools.jar:/opt/sun-jdk-1.4.2.19/lib/tools.jar:/home/albiz/dev/ds-finder/classes/:/home/albiz/dev/jung-2.0/:/usr/share/asm-3/lib/asm.jar:/usr/share/asm-3/lib/asm-commons.jar:/usr/share/asm-3/lib/asm-tree.jar:/home/albiz/dev/ds-finder/lib/jargs.jar:/home/albiz/dev/jung-2.0//collections-generic-4.01.jar:/home/albiz/dev/jung-2.0//colt-1.2.0.jar:/home/albiz/dev/jung-2.0//concurrent-1.3.4.jar:/home/albiz/dev/jung-2.0//jai_core.jar:/home/albiz/dev/jung-2.0//j3dcore.jar:/home/albiz/dev/jung-2.0//j3dutils.jar:/home/albiz/dev/jung-2.0//vecmath.jar:/home/albiz/dev/jung-2.0//stax-api-1.0.1.jar, -s, -p, --include=edu/uci/ics/jung/, --title=/home/albiz/dev/sootOutput/logs/jung.ds-finder.log, edu.uci.ics.jung.visualization.util.LabelWrapper]
Processed 487 non-library classes (6239 with libraries.)

COUNTS OF IMPLEMENTATIONS
=========================

Linked lists						0
Parents/outers						1
Others (36 java.lang.Object, 1 non-Object fields)	37
 exact matching fields					0

Distinct classes containing linked lists and parents:	1

N-cycles						1

Arrays							3
	 read-only:					4
	 w/arraycopy:					0
	 hashtable-like:				0
	 (error bars:) [3]				3

DECLARED SYSTEM COLLECTION FIELDS, BY IMPLEMENTING CLASS
========================================================
java.util.Map						95
java.util.Set						12
java.util.List						11
java.util.Collection					5
org.apache.commons.collections15.BidiMap		4
Others							8


DECLARED AD-HOC COLLECTION FIELDS, BY IMPLEMENTING CLASS
========================================================
Others							0


INSTANTIATED SYSTEM COLLECTIONS (counts of `new' statements)
============================================================
java.util.HashMap					270
java.util.HashSet					192
java.util.ArrayList					168
java.util.LinkedHashSet					46
edu.uci.ics.jung.graph.util.Pair			44
Others							88


INSTANTIATED AD-HOC COLLECTIONS
===============================
edu.uci.ics.jung.graph.OrderedKAryTree$VertexData	2
Others							0


DECLARED COLLECTION PARAMETER TYPES [1]
=======================================
Collections are not data structures [2]			20
Collections are potential data structures		74

 total edu.uci.ics.jung.*				50

java.lang.String					15
java.lang.Object					8
Ad-Hoc types:
=============
edu.uci.ics.jung.graph.util.Pair			12
edu.uci.ics.jung.io.GraphMLMetadata			6
edu.uci.ics.jung.algorithms.layout.PolarPoint		2
edu.uci.ics.jung.io.GraphMLReader$TagState		2
...ics.jung.visualization.VisualizationServer$Paintable	2
Others							26

System types:
==============
java.lang.Number					21
java.lang.String					15
java.lang.Integer					9
java.util.Set						9
java.lang.Object					8
Others							32

TEMPLATE PARAMETERS					171
UNKNOWN							4

[1] sums to more than count of non-array collections: consider HashMap<A,B>.
[2] e.g. class Foo { List<String> NotDataStructure; }
[3] number of counted arrays in classes with multiple arrays.

