DSFinder has run for 0 min. 3 sec.
SUMMARY
=======

args: [--classpath=/home/albiz/dev/soot//soot-2.3.0/lib/sootclasses-2.3.0.jar:/home/albiz/dev/soot//jasmin-2.3.0/classes:/home/albiz/dev/soot//soot-2.3.0/lib/polyglotclasses.jar:/usr/share/javacup/lib/javacup.jar:/home/albiz/.gentoo/java-config-2/current-user-vm/jre/lib/rt.jar:/home/albiz/.gentoo/java-config-2/current-user-vm/jre/lib/jce.jar:/usr/share/junit/lib/junit.jar:/home/albiz/.gentoo/java-config-2/current-user-vm/jre/lib/jsse.jar:/home/albiz/.gentoo/java-config-2/current-user-vm/lib/tools.jar:/opt/sun-jdk-1.4.2.19/lib/tools.jar:/home/albiz/dev/ds-finder/classes/:/home/albiz/dev/jython//build/:/usr/share/asm-3/lib/asm.jar:/usr/share/asm-3/lib/asm-commons.jar:/usr/share/asm-3/lib/asm-tree.jar:/home/albiz/dev/ds-finder/lib/jargs.jar:, -s, -p, --include=org/python/, --title=/home/albiz/dev/sootOutput/logs/jython.ds-finder.log, org.python.util.PythonInterpreter]
Processed 953 non-library classes (3186 with libraries.)

COUNTS OF IMPLEMENTATIONS
=========================

Linked lists						4
Parents/outers						1
Others (5 java.lang.Object, 98 non-Object fields)	103
 exact matching fields					5

Distinct classes containing linked lists and parents:	5

N-cycles						15

Arrays							71
	 read-only:					47
	 w/arraycopy:					18
	 hashtable-like:				25
	 (error bars:) [3]				36

DECLARED SYSTEM COLLECTION FIELDS, BY IMPLEMENTING CLASS
========================================================
java.util.Vector					25
java.util.Hashtable					14
org.python.core.PyList					6
java.util.Stack						6
org.python.core.PyTuple					4
Others							13


DECLARED AD-HOC COLLECTION FIELDS, BY IMPLEMENTING CLASS
========================================================
org.python.parser.Token					8
org.python.modules.sre.SRE_REPEAT			2
org.python.core.PyTraceback				1
org.python.parser.PythonGrammar$JJCalls			1
Others							0


INSTANTIATED SYSTEM COLLECTIONS (counts of `new' statements)
============================================================
org.python.core.PyTuple					188
org.python.core.PyList					128
java.util.Vector					76
java.util.Hashtable					52
java.util.ArrayList					26
Others							98


INSTANTIATED AD-HOC COLLECTIONS
===============================
org.python.parser.Token					8
org.python.core.PyTraceback				5
org.python.parser.PythonGrammar$JJCalls			5
org.python.modules.sre.SRE_REPEAT			1
org.python.core.PyJavaInnerClass			1
Others							0


DECLARED COLLECTION PARAMETER TYPES [1]
=======================================
Collections are not data structures [2]			0
Collections are potential data structures		39


java.lang.String					0
java.lang.Object					0
Ad-Hoc types:
=============
Others							0

System types:
==============
Others							0

TEMPLATE PARAMETERS					0
UNKNOWN							68

[1] sums to more than count of non-array collections: consider HashMap<A,B>.
[2] e.g. class Foo { List<String> NotDataStructure; }
[3] number of counted arrays in classes with multiple arrays.

