DSFinder has run for 0 min. 6 sec.
SUMMARY
=======

args: [--classpath=/home/albiz/dev/soot//soot-2.3.0/lib/sootclasses-2.3.0.jar:/home/albiz/dev/soot//jasmin-2.3.0/classes:/home/albiz/dev/soot//soot-2.3.0/lib/polyglotclasses.jar:/usr/share/javacup/lib/javacup.jar:/home/albiz/.gentoo/java-config-2/current-user-vm/jre/lib/rt.jar:/home/albiz/.gentoo/java-config-2/current-user-vm/jre/lib/jce.jar:/usr/share/junit/lib/junit.jar:/home/albiz/.gentoo/java-config-2/current-user-vm/jre/lib/jsse.jar:/home/albiz/.gentoo/java-config-2/current-user-vm/lib/tools.jar:/opt/sun-jdk-1.4.2.19/lib/tools.jar:/home/albiz/dev/ds-finder/classes/:/home/albiz/dev/apache-log4j-1.2.15/target/classes:/usr/share/asm-3/lib/asm.jar:/usr/share/asm-3/lib/asm-commons.jar:/usr/share/asm-3/lib/asm-tree.jar:/home/albiz/dev/ds-finder/lib/jargs.jar:/home/albiz/dev/apache-log4j-1.2.15/jms-1.1.jar:/home/albiz/dev/apache-log4j-1.2.15/jmxri-1.2.1.jar:/home/albiz/dev/apache-log4j-1.2.15/jmxtools-1.2.1.jar:/home/albiz/dev/apache-log4j-1.2.15/log4j-1.2.15.jar:/home/albiz/dev/apache-log4j-1.2.15/mail-1.3.3.jar, -p, --include=org/apache/log4j/, --title=/home/albiz/dev/sootOutput/logs/log4j.ds-finder.log, org.apache.log4j.config.PropertyPrinter]
Processed 259 non-library classes (5637 with libraries.)

COUNTS OF IMPLEMENTATIONS
=========================

Linked lists						2
Parents/outers						1
Others (4 java.lang.Object, 0 non-Object fields)	4
 exact matching fields					0

Distinct classes containing linked lists and parents:	3

N-cycles						8

Arrays							15
	 read-only:					4
	 w/arraycopy:					1
	 hashtable-like:				1
	 (error bars:) [3]				0

DECLARED SYSTEM COLLECTION FIELDS, BY IMPLEMENTING CLASS
========================================================
java.util.Vector					12
java.util.Hashtable					10
java.util.List						8
java.util.Map						4
java.util.LinkedList					2
Others							4


DECLARED AD-HOC COLLECTION FIELDS, BY IMPLEMENTING CLASS
========================================================
org.apache.log4j.helpers.PatternConverter		4
org.apache.log4j.spi.Filter				3
org.apache.log4j.Category				2
Others							0


INSTANTIATED SYSTEM COLLECTIONS (counts of `new' statements)
============================================================
java.util.Vector					38
java.util.Hashtable					28
java.util.ArrayList					22
java.util.HashMap					16
java.util.Properties					12
Others							18


INSTANTIATED AD-HOC COLLECTIONS
===============================
Others							0


DECLARED COLLECTION PARAMETER TYPES [1]
=======================================
Collections are not data structures [2]			0
Collections are potential data structures		25


java.lang.String					0
java.lang.Object					0
Ad-Hoc types:
=============
Others							0

System types:
==============
Others							0

TEMPLATE PARAMETERS					0
UNKNOWN							40

[1] sums to more than count of non-array collections: consider HashMap<A,B>.
[2] e.g. class Foo { List<String> NotDataStructure; }
[3] number of counted arrays in classes with multiple arrays.

