DSFinder has run for 0 min. 6 sec.
SUMMARY
=======

args: [--classpath=/home/albiz/dev/soot//soot-2.3.0/lib/sootclasses-2.3.0.jar:/home/albiz/dev/soot//jasmin-2.3.0/classes:/home/albiz/dev/soot//soot-2.3.0/lib/polyglotclasses.jar:/usr/share/javacup/lib/javacup.jar:/home/albiz/.gentoo/java-config-2/current-user-vm/jre/lib/rt.jar:/home/albiz/.gentoo/java-config-2/current-user-vm/jre/lib/jce.jar:/usr/share/junit/lib/junit.jar:/home/albiz/.gentoo/java-config-2/current-user-vm/jre/lib/jsse.jar:/home/albiz/.gentoo/java-config-2/current-user-vm/lib/tools.jar:/opt/sun-jdk-1.4.2.19/lib/tools.jar:/home/albiz/dev/ds-finder/classes/:/home/albiz/dev/lucene-2.4.1/build/classes/java:/usr/share/asm-3/lib/asm.jar:/usr/share/asm-3/lib/asm-commons.jar:/usr/share/asm-3/lib/asm-tree.jar:/home/albiz/dev/ds-finder/lib/jargs.jar:/home/albiz/dev/apache-log4j-1.2.15/jms-1.1.jar:/home/albiz/dev/apache-log4j-1.2.15/jmxri-1.2.1.jar:/home/albiz/dev/apache-log4j-1.2.15/jmxtools-1.2.1.jar:/home/albiz/dev/apache-log4j-1.2.15/log4j-1.2.15.jar:/home/albiz/dev/apache-log4j-1.2.15/mail-1.3.3.jar, -p, --include=org/apache/, --title=/home/albiz/dev/sootOutput/logs/lucene.ds-finder.log, org.apache.lucene.queryParser.QueryParser]
Processed 795 non-library classes (6188 with libraries.)

COUNTS OF IMPLEMENTATIONS
=========================

Linked lists						14
Parents/outers						1
Others (7 java.lang.Object, 48 non-Object fields)	55
 exact matching fields					4

Distinct classes containing linked lists and parents:	15

N-cycles						28

Arrays							64
	 read-only:					21
	 w/arraycopy:					9
	 hashtable-like:				8
	 (error bars:) [3]				2

DECLARED SYSTEM COLLECTION FIELDS, BY IMPLEMENTING CLASS
========================================================
java.util.List						41
java.util.Map						24
java.util.ArrayList					20
java.util.Vector					13
java.util.Hashtable					10
Others							49


DECLARED AD-HOC COLLECTION FIELDS, BY IMPLEMENTING CLASS
========================================================
org.apache.lucene.queryParser.Token			8
org.apache.lucene.search.HitDoc				4
...che.lucene.search.spans.NearSpansUnordered$SpansCell	4
org.apache.lucene.index.TermsHashPerThread		4
org.apache.log4j.helpers.PatternConverter		4
Others							24


INSTANTIATED SYSTEM COLLECTIONS (counts of `new' statements)
============================================================
java.util.ArrayList					256
java.util.HashSet					238
java.util.HashMap					106
org.apache.lucene.index.SegmentInfos			58
java.util.LinkedList					52
Others							114


INSTANTIATED AD-HOC COLLECTIONS
===============================
org.apache.lucene.queryParser.QueryParser$JJCalls	5
org.apache.lucene.queryParser.Token			5
org.apache.lucene.index.TermsHashPerThread		2
org.apache.lucene.index.TermsHash			2
org.apache.lucene.search.BooleanScorer$SubScorer	1
Others							6


DECLARED COLLECTION PARAMETER TYPES [1]
=======================================
Collections are not data structures [2]			0
Collections are potential data structures		95


java.lang.String					0
java.lang.Object					0
Ad-Hoc types:
=============
Others							0

System types:
==============
Others							0

TEMPLATE PARAMETERS					0
UNKNOWN							157

[1] sums to more than count of non-array collections: consider HashMap<A,B>.
[2] e.g. class Foo { List<String> NotDataStructure; }
[3] number of counted arrays in classes with multiple arrays.

