DSFinder has run for 0 min. 9 sec.
SUMMARY
=======

args: [--classpath=/home/albiz/dev/soot//soot-2.3.0/lib/sootclasses-2.3.0.jar:/home/albiz/dev/soot//jasmin-2.3.0/classes:/home/albiz/dev/soot//soot-2.3.0/lib/polyglotclasses.jar:/usr/share/javacup/lib/javacup.jar:/home/albiz/.gentoo/java-config-2/current-user-vm/jre/lib/rt.jar:/home/albiz/.gentoo/java-config-2/current-user-vm/jre/lib/jce.jar:/usr/share/junit/lib/junit.jar:/home/albiz/.gentoo/java-config-2/current-user-vm/jre/lib/jsse.jar:/home/albiz/.gentoo/java-config-2/current-user-vm/lib/tools.jar:/opt/sun-jdk-1.4.2.19/lib/tools.jar:/home/albiz/dev/ds-finder/classes/:/home/albiz/dev/megamek/classes/:/usr/share/asm-3/lib/asm.jar:/usr/share/asm-3/lib/asm-commons.jar:/usr/share/asm-3/lib/asm-tree.jar:/home/albiz/dev/ds-finder/lib/jargs.jar:/home/albiz/dev/megamek/lib/Ostermiller.jar:/home/albiz/dev/megamek/lib/PngEncoder.jar:/home/albiz/dev/megamek/lib/TabPanel.jar:/home/albiz/dev/megamek/lib/TinyXML.jar:/home/albiz/dev/megamek/lib/j3dcore.jar:/home/albiz/dev/megamek/lib/j3dutils.jar:/home/albiz/dev/megamek/lib/vecmath.jar, -p, --include=megamek/, --title=/home/albiz/dev/sootOutput/logs/megamek.ds-finder.log, megamek.MegaMek]
Processed 1799 non-library classes (7421 with libraries.)

COUNTS OF IMPLEMENTATIONS
=========================

Linked lists						0
Parents/outers						0
Others (0 java.lang.Object, 5 non-Object fields)	5
 exact matching fields					3

Distinct classes containing linked lists and parents:	0

N-cycles						21

Arrays							82
	 read-only:					11
	 w/arraycopy:					8
	 hashtable-like:				15
	 (error bars:) [3]				8

DECLARED SYSTEM COLLECTION FIELDS, BY IMPLEMENTING CLASS
========================================================
java.util.HashMap					3
java.util.LinkedList					2
megamek.client.bot.CEntity$Table			2
java.util.Properties					2
java.util.Vector					2
Others							5


DECLARED AD-HOC COLLECTION FIELDS, BY IMPLEMENTING CLASS
========================================================
Others							0


INSTANTIATED SYSTEM COLLECTIONS (counts of `new' statements)
============================================================
java.util.Vector					1024
java.util.ArrayList					490
java.util.Hashtable					158
java.util.HashMap					138
java.util.HashSet					36
Others							110


INSTANTIATED AD-HOC COLLECTIONS
===============================
Others							0


DECLARED COLLECTION PARAMETER TYPES [1]
=======================================
Collections are not data structures [2]			341
Collections are potential data structures		12

 total megamek.*					278

java.lang.String					57
java.lang.Object					2
Ad-Hoc types:
=============
megamek.common.Mounted					21
megamek.common.Coords					19
megamek.client.ui.AWT.widget.BackGroundDrawer		19
megamek.client.ui.swing.widget.BackGroundDrawer		18
megamek.common.Entity					16
Others							185

System types:
==============
java.lang.String					57
java.lang.Integer					43
java.util.Vector					7
java.awt.Button						5
javax.swing.JButton					5
Others							23

TEMPLATE PARAMETERS					6
UNKNOWN							7

[1] sums to more than count of non-array collections: consider HashMap<A,B>.
[2] e.g. class Foo { List<String> NotDataStructure; }
[3] number of counted arrays in classes with multiple arrays.

