DSFinder has run for 0 min. 5 sec.
SUMMARY
=======

args: [--classpath=/home/albiz/dev/soot//soot-2.3.0/lib/sootclasses-2.3.0.jar:/home/albiz/dev/soot//jasmin-2.3.0/classes:/home/albiz/dev/soot//soot-2.3.0/lib/polyglotclasses.jar:/usr/share/javacup/lib/javacup.jar:/home/albiz/.gentoo/java-config-2/current-user-vm/jre/lib/rt.jar:/home/albiz/.gentoo/java-config-2/current-user-vm/jre/lib/jce.jar:/usr/share/junit/lib/junit.jar:/home/albiz/.gentoo/java-config-2/current-user-vm/jre/lib/jsse.jar:/home/albiz/.gentoo/java-config-2/current-user-vm/lib/tools.jar:/opt/sun-jdk-1.4.2.19/lib/tools.jar:/home/albiz/dev/ds-finder/classes/:/home/albiz/dev/pmd/pmd-4.2.5/build:/usr/share/asm-3/lib/asm.jar:/usr/share/asm-3/lib/asm-commons.jar:/usr/share/asm-3/lib/asm-tree.jar:/home/albiz/dev/ds-finder/lib/jargs.jar:/home/albiz/dev/pmd/pmd-4.2.5/lib/asm-3.1.jar:/home/albiz/dev/pmd/pmd-4.2.5/lib/javacc.jar:/home/albiz/dev/pmd/pmd-4.2.5/lib/jaxen-1.1.1.jar:/home/albiz/dev/pmd/pmd-4.2.5/lib/junit-4.4.jar:/home/albiz/dev/pmd/pmd-4.2.5/lib/pmd-4.2.5.jar:/home/albiz/dev/pmd/pmd-4.2.5/lib/pmd-src-4.2.5.jar:/home/albiz/dev/pmd/pmd-4.2.5/lib/pmd-test-4.2.5.jar:/home/albiz/dev/pmd/pmd-4.2.5/lib/ant.jar:/home/albiz/dev/pmd/pmd-4.2.5/lib/ant-launcher.jar, -p, --include=net/sourceforge/pmd/, --title=/home/albiz/dev/sootOutput/logs/pmd.ds-finder.log, net.sourceforge.pmd.PMD]
Processed 720 non-library classes (6158 with libraries.)

COUNTS OF IMPLEMENTATIONS
=========================

Linked lists						5
Parents/outers						3
Others (3 java.lang.Object, 4 non-Object fields)	7
 exact matching fields					4

Distinct classes containing linked lists and parents:	8

N-cycles						11

Arrays							17
	 read-only:					7
	 w/arraycopy:					1
	 hashtable-like:				0
	 (error bars:) [3]				2

DECLARED SYSTEM COLLECTION FIELDS, BY IMPLEMENTING CLASS
========================================================
java.util.List						15
java.util.Map						3
java.util.Properties					2
java.util.LinkedList					1
Others							0


DECLARED AD-HOC COLLECTION FIELDS, BY IMPLEMENTING CLASS
========================================================
net.sourceforge.pmd.jsp.ast.Token			8
net.sourceforge.pmd.ast.Token				8
net.sourceforge.pmd.dfa.report.AbstractReportNode	3
net.sourceforge.pmd.cpd.cppast.Token			3
net.sourceforge.pmd.util.designer.Designer$ASTTreeNode	2
Others							3


INSTANTIATED SYSTEM COLLECTIONS (counts of `new' statements)
============================================================
java.util.ArrayList					286
java.util.HashMap					104
java.util.HashSet					70
java.util.LinkedList					24
java.util.Properties					18
Others							36


INSTANTIATED AD-HOC COLLECTIONS
===============================
net.sourceforge.pmd.jsp.ast.Token			5
net.sourceforge.pmd.jsp.ast.JspParser$JJCalls		5
net.sourceforge.pmd.ast.JavaParser$JJCalls		5
net.sourceforge.pmd.ast.Token				5
net.sourceforge.pmd.util.designer.Designer$ASTTreeNode	3
Others							2


DECLARED COLLECTION PARAMETER TYPES [1]
=======================================
Collections are not data structures [2]			125
Collections are potential data structures		15

 total net.sourceforge.pmd.*				96

java.lang.String					53
java.lang.Object					1
Ad-Hoc types:
=============
net.sourceforge.pmd.symboltable.NameOccurrence		9
net.sourceforge.pmd.symboltable.VariableNameDeclaration	6
net.sourceforge.pmd.cpd.Match				4
net.sourceforge.pmd.rules.ImportWrapper			4
net.sourceforge.pmd.dfa.DataFlowNode			4
Others							69

System types:
==============
java.lang.String					53
java.util.List						15
java.lang.Integer					6
java.lang.Class						3
org.apache.tools.ant.types.FileSet			2
Others							7

TEMPLATE PARAMETERS					3
UNKNOWN							10

[1] sums to more than count of non-array collections: consider HashMap<A,B>.
[2] e.g. class Foo { List<String> NotDataStructure; }
[3] number of counted arrays in classes with multiple arrays.

