DSFinder has run for 0 min. 6 sec.
SUMMARY
=======

args: [--classpath=/home/albiz/dev/soot//soot-2.3.0/lib/sootclasses-2.3.0.jar:/home/albiz/dev/soot//jasmin-2.3.0/classes:/home/albiz/dev/soot//soot-2.3.0/lib/polyglotclasses.jar:/usr/share/javacup/lib/javacup.jar:/home/albiz/.gentoo/java-config-2/current-user-vm/jre/lib/rt.jar:/home/albiz/.gentoo/java-config-2/current-user-vm/jre/lib/jce.jar:/usr/share/junit/lib/junit.jar:/home/albiz/.gentoo/java-config-2/current-user-vm/jre/lib/jsse.jar:/home/albiz/.gentoo/java-config-2/current-user-vm/lib/tools.jar:/opt/sun-jdk-1.4.2.19/lib/tools.jar:/home/albiz/dev/ds-finder/classes/:/home/albiz/dev/poi-3.2-FINAL/build/classes:/usr/share/asm-3/lib/asm.jar:/usr/share/asm-3/lib/asm-commons.jar:/usr/share/asm-3/lib/asm-tree.jar:/home/albiz/dev/ds-finder/lib/jargs.jar:/home/albiz/dev/poi-3.2-FINAL/lib/BCEL.jar:/home/albiz/dev/poi-3.2-FINAL/lib/bloat-1.0.jar:/home/albiz/dev/poi-3.2-FINAL/lib/commons-logging-1.1.jar:/home/albiz/dev/poi-3.2-FINAL/lib/dynamicjava.jar:/home/albiz/dev/poi-3.2-FINAL/lib/junit-3.8.1.jar:/home/albiz/dev/poi-3.2-FINAL/lib/junit.jar:/home/albiz/dev/poi-3.2-FINAL/lib/log4j-1.2.13.jar, -p, --include=org/apache/poi/, --title=/home/albiz/dev/sootOutput/logs/poi.ds-finder.log, org.apache.poi.ddf.EscherDump]
Processed 1059 non-library classes (6057 with libraries.)

COUNTS OF IMPLEMENTATIONS
=========================

Linked lists						0
Parents/outers						2
Others (0 java.lang.Object, 5 non-Object fields)	5
 exact matching fields					0

Distinct classes containing linked lists and parents:	2

N-cycles						7

Arrays							41
	 read-only:					22
	 w/arraycopy:					8
	 hashtable-like:				7
	 (error bars:) [3]				15

DECLARED SYSTEM COLLECTION FIELDS, BY IMPLEMENTING CLASS
========================================================
java.util.List						49
java.util.Map						22
java.util.ArrayList					7
org.apache.poi.util.BinaryTree				7
java.util.Set						5
Others							11


DECLARED AD-HOC COLLECTION FIELDS, BY IMPLEMENTING CLASS
========================================================
org.apache.poi.hssf.usermodel.HSSFShape			1
Others							0


INSTANTIATED SYSTEM COLLECTIONS (counts of `new' statements)
============================================================
java.util.ArrayList					258
java.util.HashMap					70
java.util.HashSet					28
java.util.LinkedList					12
java.util.Hashtable					10
Others							52


INSTANTIATED AD-HOC COLLECTIONS
===============================
Others							0


DECLARED COLLECTION PARAMETER TYPES [1]
=======================================
Collections are not data structures [2]			0
Collections are potential data structures		82


java.lang.String					0
java.lang.Object					0
Ad-Hoc types:
=============
Others							0

System types:
==============
Others							0

TEMPLATE PARAMETERS					0
UNKNOWN							101

[1] sums to more than count of non-array collections: consider HashMap<A,B>.
[2] e.g. class Foo { List<String> NotDataStructure; }
[3] number of counted arrays in classes with multiple arrays.

