DSFinder has run for 0 min. 6 sec.
SUMMARY
=======

args: [--classpath=/home/albiz/dev/soot//soot-2.3.0/lib/sootclasses-2.3.0.jar:/home/albiz/dev/soot//jasmin-2.3.0/classes:/home/albiz/dev/soot//soot-2.3.0/lib/polyglotclasses.jar:/usr/share/javacup/lib/javacup.jar:/home/albiz/.gentoo/java-config-2/current-user-vm/jre/lib/rt.jar:/home/albiz/.gentoo/java-config-2/current-user-vm/jre/lib/jce.jar:/usr/share/junit/lib/junit.jar:/home/albiz/.gentoo/java-config-2/current-user-vm/jre/lib/jsse.jar:/home/albiz/.gentoo/java-config-2/current-user-vm/lib/tools.jar:/opt/sun-jdk-1.4.2.19/lib/tools.jar:/home/albiz/dev/ds-finder/classes/:/home/albiz/dev/proxool-0.9.1/build/classes:/usr/share/asm-3/lib/asm.jar:/usr/share/asm-3/lib/asm-commons.jar:/usr/share/asm-3/lib/asm-tree.jar:/home/albiz/dev/ds-finder/lib/jargs.jar:/home/albiz/dev/proxool-0.9.1/lib/avalon-excalibur-4.1.jar:/home/albiz/dev/proxool-0.9.1/lib/avalon-framework-4.1.2.jar:/home/albiz/dev/proxool-0.9.1/lib/cglib2.jar:/home/albiz/dev/proxool-0.9.1/lib/checkstyle-all-2.4.jar:/home/albiz/dev/proxool-0.9.1/lib/commons-collections.jar:/home/albiz/dev/proxool-0.9.1/lib/commons-lang.jar:/home/albiz/dev/proxool-0.9.1/lib/commons-logging.jar:/home/albiz/dev/proxool-0.9.1/lib/crimson.jar:/home/albiz/dev/proxool-0.9.1/lib/dom4j.jar:/home/albiz/dev/proxool-0.9.1/lib/ehcache.jar:/home/albiz/dev/proxool-0.9.1/lib/hibernate2.jar:/home/albiz/dev/proxool-0.9.1/lib/hibernate3.jar:/home/albiz/dev/proxool-0.9.1/lib/hsqldb.jar:/home/albiz/dev/proxool-0.9.1/lib/jdbc2_0-stdext.jar:/home/albiz/dev/proxool-0.9.1/lib/jmxri.jar:/home/albiz/dev/proxool-0.9.1/lib/jsdk23.jar:/home/albiz/dev/proxool-0.9.1/lib/jta.jar:/home/albiz/dev/proxool-0.9.1/lib/junit.jar:/home/albiz/dev/proxool-0.9.1/lib/log4j.jar:/home/albiz/dev/proxool-0.9.1/lib/logkit.jar:/home/albiz/dev/proxool-0.9.1/lib/spring-mock.jar:/home/albiz/dev/proxool-0.9.1/lib/spring.jar:/home/albiz/dev/proxool-0.9.1/lib/tyrex-1.0.1_naming.jar:/home/albiz/dev/proxool-0.9.1/lib/xalan.jar:/home/albiz/dev/proxool-0.9.1/lib/xml-apis.jar, -s, -p, --include=org/logicalcobwebs/, --title=/home/albiz/dev/sootOutput/logs/proxool.ds-finder.log, org.logicalcobwebs.proxool.Version]
Processed 105 non-library classes (5284 with libraries.)

COUNTS OF IMPLEMENTATIONS
=========================

Linked lists						1
Parents/outers						0
Others (1 java.lang.Object, 7 non-Object fields)	8
 exact matching fields					0

Distinct classes containing linked lists and parents:	1

N-cycles						3

Arrays							5
	 read-only:					0
	 w/arraycopy:					1
	 hashtable-like:				0
	 (error bars:) [3]				0

DECLARED SYSTEM COLLECTION FIELDS, BY IMPLEMENTING CLASS
========================================================
java.util.List						7
java.util.Properties					6
java.util.Map						6
java.util.Set						3
org.logicalcobwebs.proxool.util.FastArrayList		2
Others							3


DECLARED AD-HOC COLLECTION FIELDS, BY IMPLEMENTING CLASS
========================================================
org.logicalcobwebs.concurrent.LinkedNode		3
Others							0


INSTANTIATED SYSTEM COLLECTIONS (counts of `new' statements)
============================================================
java.util.Properties					28
java.util.HashMap					20
java.util.HashSet					14
org.logicalcobwebs.proxool.util.FastArrayList		14
java.util.ArrayList					12
Others							16


INSTANTIATED AD-HOC COLLECTIONS
===============================
org.logicalcobwebs.concurrent.LinkedNode		2
Others							0


DECLARED COLLECTION PARAMETER TYPES [1]
=======================================
Collections are not data structures [2]			0
Collections are potential data structures		18


java.lang.String					0
java.lang.Object					0
Ad-Hoc types:
=============
Others							0

System types:
==============
Others							0

TEMPLATE PARAMETERS					0
UNKNOWN							27

[1] sums to more than count of non-array collections: consider HashMap<A,B>.
[2] e.g. class Foo { List<String> NotDataStructure; }
[3] number of counted arrays in classes with multiple arrays.

