DSFinder has run for 0 min. 5 sec.
SUMMARY
=======

args: [--classpath=/home/albiz/dev/soot//soot-2.3.0/lib/sootclasses-2.3.0.jar:/home/albiz/dev/soot//jasmin-2.3.0/classes:/home/albiz/dev/soot//soot-2.3.0/lib/polyglotclasses.jar:/usr/share/javacup/lib/javacup.jar:/home/albiz/.gentoo/java-config-2/current-user-vm/jre/lib/rt.jar:/home/albiz/.gentoo/java-config-2/current-user-vm/jre/lib/jce.jar:/usr/share/junit/lib/junit.jar:/home/albiz/.gentoo/java-config-2/current-user-vm/jre/lib/jsse.jar:/home/albiz/.gentoo/java-config-2/current-user-vm/lib/tools.jar:/opt/sun-jdk-1.4.2.19/lib/tools.jar:/home/albiz/dev/ds-finder/classes/:/home/albiz/dev/sandmark//smark3/:/usr/share/asm-3/lib/asm.jar:/usr/share/asm-3/lib/asm-commons.jar:/usr/share/asm-3/lib/asm-tree.jar:/home/albiz/dev/ds-finder/lib/jargs.jar:/home/albiz/dev/sandmark//smextern3/BCEL.jar:/home/albiz/dev/sandmark//smextern3/bloat-1.0.jar:/home/albiz/dev/sandmark//smextern3/dynamicjava.jar:/home/albiz/dev/sandmark//smextern3/junit.jar:/home/albiz/dev/sandmark//smextern3/jdi.jar:/home/albiz/dev/sandmark//smextern3/sandmark.jar, -p, --include=sandmark/, --title=/home/albiz/dev/sootOutput/logs/sandmark.ds-finder.log, sandmark.program.Application]
Processed 1087 non-library classes (6776 with libraries.)

COUNTS OF IMPLEMENTATIONS
=========================

Linked lists						11
Parents/outers						2
Others (22 java.lang.Object, 67 non-Object fields)	89
 exact matching fields					16

Distinct classes containing linked lists and parents:	12

N-cycles						36

Arrays							86
	 read-only:					49
	 w/arraycopy:					10
	 hashtable-like:				20
	 (error bars:) [3]				34

DECLARED SYSTEM COLLECTION FIELDS, BY IMPLEMENTING CLASS
========================================================
java.util.ArrayList					67
java.util.HashMap					54
java.util.Vector					32
java.util.Hashtable					28
java.util.Map						21
Others							70


DECLARED AD-HOC COLLECTION FIELDS, BY IMPLEMENTING CLASS
========================================================
sandmark.program.Object					9
sandmark.util.newgraph.DomNodeWrapper			5
sandmark.util.opaquepredicatelib.smNode			4
sandmark.util.Node					4
sandmark.watermark.execpath.SMLinkedList		3
Others							2


INSTANTIATED SYSTEM COLLECTIONS (counts of `new' statements)
============================================================
java.util.ArrayList					668
java.util.Vector					304
java.util.HashSet					302
java.util.Hashtable					236
java.util.HashMap					230
Others							252


INSTANTIATED AD-HOC COLLECTIONS
===============================
sandmark.util.opaquepredicatelib.smNode			3
sandmark.util.newgraph.DomNodeWrapper			2
sandmark.watermark.ct.FindWindows$Window		2
sandmark.util.Node					2
sandmark.birthmark.windows.Window			2
Others							6


DECLARED COLLECTION PARAMETER TYPES [1]
=======================================
Collections are not data structures [2]			0
Collections are potential data structures		161


java.lang.String					0
java.lang.Object					0
Ad-Hoc types:
=============
Others							0

System types:
==============
Others							0

TEMPLATE PARAMETERS					0
UNKNOWN							272

[1] sums to more than count of non-array collections: consider HashMap<A,B>.
[2] e.g. class Foo { List<String> NotDataStructure; }
[3] number of counted arrays in classes with multiple arrays.

