DSFinder has run for 0 min. 5 sec.
SUMMARY
=======

args: [--classpath=/home/albiz/dev/soot//soot-2.3.0/lib/sootclasses-2.3.0.jar:/home/albiz/dev/soot//jasmin-2.3.0/classes:/home/albiz/dev/soot//soot-2.3.0/lib/polyglotclasses.jar:/usr/share/javacup/lib/javacup.jar:/home/albiz/.gentoo/java-config-2/current-user-vm/jre/lib/rt.jar:/home/albiz/.gentoo/java-config-2/current-user-vm/jre/lib/jce.jar:/usr/share/junit/lib/junit.jar:/home/albiz/.gentoo/java-config-2/current-user-vm/jre/lib/jsse.jar:/home/albiz/.gentoo/java-config-2/current-user-vm/lib/tools.jar:/opt/sun-jdk-1.4.2.19/lib/tools.jar:/home/albiz/dev/ds-finder/classes/:/home/albiz/dev/soot/aspectjBenchmarkSuite/StarJ-Pool/classes:/usr/share/asm-3/lib/asm.jar:/usr/share/asm-3/lib/asm-commons.jar:/usr/share/asm-3/lib/asm-tree.jar:/home/albiz/dev/ds-finder/lib/jargs.jar:/home/albiz/dev/soot/aspectjBenchmarkSuite/lib/aspectjrt-1.2.0.jar:/home/albiz/dev/soot/aspectjBenchmarkSuite/lib/aspectjtools-1.2.0.jar:/home/albiz/dev/soot/aspectjBenchmarkSuite/StarJ-Pool/lib/fastUtil-2.11.jar:/home/albiz/dev/soot/aspectjBenchmarkSuite/StarJ-Pool/lib/jakarta-regexp-1.2.jar, -p, --include=org/apache/bcel/:adaptj_pool/, --title=/home/albiz/dev/sootOutput/logs/StarJ-Pool.ds-finder.log, org.apache.bcel.verifier.exc.AssertionViolatedException]
Processed 584 non-library classes (5712 with libraries.)

COUNTS OF IMPLEMENTATIONS
=========================

Linked lists						7
Parents/outers						0
Others (1 java.lang.Object, 3 non-Object fields)	4
 exact matching fields					1

Distinct classes containing linked lists and parents:	7

N-cycles						14

Arrays							48
	 read-only:					13
	 w/arraycopy:					9
	 hashtable-like:				8
	 (error bars:) [3]				7

DECLARED SYSTEM COLLECTION FIELDS, BY IMPLEMENTING CLASS
========================================================
java.util.ArrayList					21
java.util.HashMap					18
java.util.List						13
it.unimi.dsi.fastUtil.Object2IntOpenHashMap		8
it.unimi.dsi.fastUtil.Int2ObjectOpenHashMap		8
Others							45


DECLARED AD-HOC COLLECTION FIELDS, BY IMPLEMENTING CLASS
========================================================
org.apache.bcel.generic.InstructionHandle		23
...lkits.analyses.metrics.RecursionMetric$CallstackItem	3
adaptj_pool.toolkits.graph.EventBoxApplicableGraphNode	2
...ool.toolkits.analyses.metrics.MemoryMetric$SliceInfo	2
...j_pool.toolkits.graph.EventBoxApplicableGraphNodeSet	1
Others							2


INSTANTIATED SYSTEM COLLECTIONS (counts of `new' statements)
============================================================
java.util.ArrayList					122
java.util.HashMap					70
java.util.HashSet					36
it.unimi.dsi.fastUtil.Object2ObjectOpenHashMap		30
java.util.LinkedList					26
Others							116


INSTANTIATED AD-HOC COLLECTIONS
===============================
adaptj_pool.toolkits.graph.EventBoxApplicableGraphNode	2
...j_pool.toolkits.graph.EventBoxApplicableGraphNodeSet	2
adaptj_pool.util.IntToIntHashMap$IntToIntHashMapEntry	1
adaptj_pool.util.IntHashMap$IntHashMapEntry		1
...lkits.analyses.metrics.RecursionMetric$CallstackItem	1
Others							1


DECLARED COLLECTION PARAMETER TYPES [1]
=======================================
Collections are not data structures [2]			0
Collections are potential data structures		61


java.lang.String					0
java.lang.Object					0
Ad-Hoc types:
=============
Others							0

System types:
==============
Others							0

TEMPLATE PARAMETERS					0
UNKNOWN							113

[1] sums to more than count of non-array collections: consider HashMap<A,B>.
[2] e.g. class Foo { List<String> NotDataStructure; }
[3] number of counted arrays in classes with multiple arrays.

