DSFinder has run for 0 min. 5 sec.
SUMMARY
=======

args: [--classpath=/home/albiz/dev/soot//soot-2.3.0/lib/sootclasses-2.3.0.jar:/home/albiz/dev/soot//jasmin-2.3.0/classes:/home/albiz/dev/soot//soot-2.3.0/lib/polyglotclasses.jar:/usr/share/javacup/lib/javacup.jar:/home/albiz/.gentoo/java-config-2/current-user-vm/jre/lib/rt.jar:/home/albiz/.gentoo/java-config-2/current-user-vm/jre/lib/jce.jar:/usr/share/junit/lib/junit.jar:/home/albiz/.gentoo/java-config-2/current-user-vm/jre/lib/jsse.jar:/home/albiz/.gentoo/java-config-2/current-user-vm/lib/tools.jar:/opt/sun-jdk-1.4.2.19/lib/tools.jar:/home/albiz/dev/ds-finder/classes/:/home/albiz/dev/tomcat/output/classes:/usr/share/asm-3/lib/asm.jar:/usr/share/asm-3/lib/asm-commons.jar:/usr/share/asm-3/lib/asm-tree.jar:/home/albiz/dev/ds-finder/lib/jargs.jar:/home/albiz/dev/tomcat/lib/ant.jar:/home/albiz/dev/tomcat/lib/ant-launcher.jar:/home/albiz/dev/tomcat/jdt.core.jar, -p, --include=org/apache/catalina/, --title=/home/albiz/dev/sootOutput/logs/tomcat.ds-finder.log, org.apache.catalina.servlets.CGIServlet]
Processed 656 non-library classes (6484 with libraries.)

COUNTS OF IMPLEMENTATIONS
=========================

Linked lists						2
Parents/outers						1
Others (12 java.lang.Object, 5 non-Object fields)	17
 exact matching fields					0

Distinct classes containing linked lists and parents:	3

N-cycles						13

Arrays							39
	 read-only:					11
	 w/arraycopy:					25
	 hashtable-like:				6
	 (error bars:) [3]				20

DECLARED SYSTEM COLLECTION FIELDS, BY IMPLEMENTING CLASS
========================================================
java.util.HashMap					62
java.util.ArrayList					20
java.util.Map						13
java.util.List						9
java.util.LinkedList					6
Others							18


DECLARED AD-HOC COLLECTION FIELDS, BY IMPLEMENTING CLASS
========================================================
...apache.catalina.tribes.transport.bio.util.LinkObject	4
org.apache.catalina.loader.WebappClassLoader		3
...bes.group.interceptors.OrderInterceptor$MessageOrder	1
Others							0


INSTANTIATED SYSTEM COLLECTIONS (counts of `new' statements)
============================================================
java.util.ArrayList					230
java.util.HashMap					184
java.util.Hashtable					48
java.util.Vector					32
java.util.Properties					28
Others							88


INSTANTIATED AD-HOC COLLECTIONS
===============================
...apache.catalina.tribes.transport.bio.util.LinkObject	2
...bes.group.interceptors.OrderInterceptor$MessageOrder	1
Others							0


DECLARED COLLECTION PARAMETER TYPES [1]
=======================================
Collections are not data structures [2]			23
Collections are potential data structures		72

 total org.apache.catalina.*				8

java.lang.String					20
java.lang.Object					0
Ad-Hoc types:
=============
org.apache.catalina.Session				2
org.apache.catalina.servlets.WebdavServlet$LockInfo	2
org.apache.catalina.realm.GenericPrincipal		1
org.apache.catalina.connector.Request			1
org.apache.catalina.Executor				1
Others							1

System types:
==============
java.lang.String					20
java.util.ArrayList					1
java.lang.Runnable					1
java.util.Vector					1
java.util.Locale					1
Others							1

TEMPLATE PARAMETERS					0
UNKNOWN							128

[1] sums to more than count of non-array collections: consider HashMap<A,B>.
[2] e.g. class Foo { List<String> NotDataStructure; }
[3] number of counted arrays in classes with multiple arrays.

