DSFinder has run for 0 min. 6 sec.
SUMMARY
=======

args: [--classpath=/home/albiz/dev/soot//soot-2.3.0/lib/sootclasses-2.3.0.jar:/home/albiz/dev/soot//jasmin-2.3.0/classes:/home/albiz/dev/soot//soot-2.3.0/lib/polyglotclasses.jar:/usr/share/javacup/lib/javacup.jar:/home/albiz/.gentoo/java-config-2/current-user-vm/jre/lib/rt.jar:/home/albiz/.gentoo/java-config-2/current-user-vm/jre/lib/jce.jar:/usr/share/junit/lib/junit.jar:/home/albiz/.gentoo/java-config-2/current-user-vm/jre/lib/jsse.jar:/home/albiz/.gentoo/java-config-2/current-user-vm/lib/tools.jar:/opt/sun-jdk-1.4.2.19/lib/tools.jar:/home/albiz/dev/ds-finder/classes/:/home/albiz/dev/xstream-1.3.1/xstream/target/classes:/usr/share/asm-3/lib/asm.jar:/usr/share/asm-3/lib/asm-commons.jar:/usr/share/asm-3/lib/asm-tree.jar:/home/albiz/dev/ds-finder/lib/jargs.jar:/home/albiz/dev/xstream-1.3.1/xstream/lib/cglib-nodep-2.2.jar:/home/albiz/dev/xstream-1.3.1/xstream/lib/commons-lang-2.4.jar:/home/albiz/dev/xstream-1.3.1/xstream/lib/dom4j-1.6.1.jar:/home/albiz/dev/xstream-1.3.1/xstream/lib/jdom-1.1.jar:/home/albiz/dev/xstream-1.3.1/xstream/lib/jettison-1.0.1.jar:/home/albiz/dev/xstream-1.3.1/xstream/lib/jmock-1.0.1.jar:/home/albiz/dev/xstream-1.3.1/xstream/lib/joda-time-1.6.jar:/home/albiz/dev/xstream-1.3.1/xstream/lib/junit-3.8.1.jar:/home/albiz/dev/xstream-1.3.1/xstream/lib/oro-2.0.8.jar:/home/albiz/dev/xstream-1.3.1/xstream/lib/stax-1.2.0.jar:/home/albiz/dev/xstream-1.3.1/xstream/lib/stax-api-1.0.1.jar:/home/albiz/dev/xstream-1.3.1/xstream/lib/wstx-asl-3.2.7.jar:/home/albiz/dev/xstream-1.3.1/xstream/lib/xml-writer-0.2.jar:/home/albiz/dev/xstream-1.3.1/xstream/lib/xom-1.1.jar:/home/albiz/dev/xstream-1.3.1/xstream/lib/xpp3_min-1.1.4c.jar:/home/albiz/dev/xstream-1.3.1/xstream/lib/jdk1.3/xercesImpl-2.8.1.jar, -p, --include=com/thoughtworks/, --title=/home/albiz/dev/sootOutput/logs/xstream.ds-finder.log, com.thoughtworks.xstream.core.JVM]
Processed 342 non-library classes (6337 with libraries.)

COUNTS OF IMPLEMENTATIONS
=========================

Linked lists						0
Parents/outers						2
Others (10 java.lang.Object, 1 non-Object fields)	11
 exact matching fields					0

Distinct classes containing linked lists and parents:	2

N-cycles						4

Arrays							11
	 read-only:					5
	 w/arraycopy:					3
	 hashtable-like:				1
	 (error bars:) [3]				2

DECLARED SYSTEM COLLECTION FIELDS, BY IMPLEMENTING CLASS
========================================================
java.util.Map						52
java.util.List						10
java.util.Set						10
com.thoughtworks.xstream.persistence.XmlMap		3
java.util.WeakHashMap					1
Others							3


DECLARED AD-HOC COLLECTION FIELDS, BY IMPLEMENTING CLASS
========================================================
...houghtworks.xstream.io.binary.ReaderDepthState$State	2
com.thoughtworks.xstream.io.xml.xppdom.Xpp3Dom		2
Others							0


INSTANTIATED SYSTEM COLLECTIONS (counts of `new' statements)
============================================================
java.util.HashMap					120
java.util.ArrayList					62
java.util.WeakHashMap					28
java.util.HashSet					22
java.util.TreeMap					14
Others							62


INSTANTIATED AD-HOC COLLECTIONS
===============================
com.thoughtworks.xstream.io.xml.xppdom.Xpp3Dom		2
...houghtworks.xstream.io.binary.ReaderDepthState$State	1
Others							0


DECLARED COLLECTION PARAMETER TYPES [1]
=======================================
Collections are not data structures [2]			3
Collections are potential data structures		57

 total com.thoughtworks.*				2

java.lang.String					0
java.lang.Object					1
Ad-Hoc types:
=============
com.thoughtworks.xstream.converters.Converter		2
Others							0

System types:
==============
java.lang.Class						3
java.lang.Object					1
Others							0

TEMPLATE PARAMETERS					1
UNKNOWN							78

[1] sums to more than count of non-array collections: consider HashMap<A,B>.
[2] e.g. class Foo { List<String> NotDataStructure; }
[3] number of counted arrays in classes with multiple arrays.

